496
58
223
708
216
516
104
508
699
266
621
462
256
403
534
167
98
278
461
176
224
655
704
95
309
680
585
158
148
144
232
618
477
344
397
458
189
3
542
487
395
386
318
445
366
273
698
689
260
321
309
153
588
521
363
298
132
672
1
301
358
178
612
192
697
567
362
184
714
615
655
553
174
29
537
138
247
208
520
385
253
205
148
493
210
606
716
225
311
548
260
184
379
483
662
676
488
353
93
9
110
64
484
63
391
49
201
417
448
479
220
360
324
364
441
38
311
254
546
90
637
362
696
387
703
255
396
557
26
290
361
161
644
203
615
370
574
44
41
294
450
185
631
418
636
142
138
587
700
702
354
214
361
392
211
463
551
389
17
41
537
446
410
237
187
99
593
201
551
335
544
400
664
408
108
223
309
308
334
198
104
337
340
714
595
104
702
197
510
555
629
660
426
262
506
93
586
577
408
74
656
694
478
516
709
12
33
627
527
243
572
523
317
393
699
190
140
419
329
145
465
136
675
112
330
556
92
147
438
535
227
107
98
635
133
377
487
298
259
472
74
272
101
670
685
470
11
191
105
461
640
546
213
210
263
709
226
650
486
490
468
576
666
14
90
319
458
637
420
101
293
604
172
259
258
572
576
654
107
468
177
506
330
572
510
443
218
619
394
447
263
17
404
188
131
273
345
389
114
562
276
598
169
42
717
101
175
259
357
35
292
221
334
545
144
372
578
419
310
125
213
487
510
610
300
350
358
215
624
575
116
191
702
689
482
134
546
684
619
91
264
249
449
56
586
256
433
183
415
310
328
169
634
110
667
538
565
156
590
82
379
626
62
327
420
674
667
561
145
64
539
495
445
74
89
481
221
46
28
607
406
654
275
80
65
325
714
162
113
262
264
212
139
405
13
451
190
210
196
180
23
383
679
371
432
617
231
679
205
171
341
148
295
192
407
313
82
675
344
63
293
688
489
426
555
48
402
447
711
311
246
289
591
538
215
628
120
103
714
228
221
345
381
298
13
702
413
262
276
207
584
57
39
239
673
532
90
62
134
378
151
116
562
165
155
604
237
150
50
341
400
121
229
288
495
393
254
97
573
548
71
543
456
499
359
114
7
640
553
72
693
597
398
651
432
365
614
215
37
193
610
119
654
492
519
495
180
572
255
135
530
191
439
201
623
433
633
144
37
103
542
641
154
458
496
31
642
109
565
31
387
369
553
149
609
56
265
185
589
641
292
603
379
624
48
512
513
572
402
520
0
677
572
288
441
47
285
664
46
269
586
703
656
418
50
473
149
180
186
106
280
73
169
493
454
201
681
178
90
521
82
414
643
603
533
417
437
358
20
667
164
325
258
382
84
468
7
24
692
597
111
474
704
389
682
550
4
667
102
53
381
675
599
125
386
8
625
378
341
287
161
128
208
176
668
104
307
281
352
634
554
633
348
264
42
526
689
717
122
11
594
705
563
191
625
172
256
164
376
161
465
546
429
172
22
354
431
221
344
239
44
589
521
681
103
237
511
437
301
139
701
549
26
678
317
390
37
421
575
681
585
90
34
52
259
148
676
305
474
250
336
654
197
620
361
127
532
718
560
304
606
226
342
362
698
157
341
353
486
585
519
162
547
327
385
91
562
33
236
83
595
365
109
443
633
178
89
173
294
294
481
224
704
32
521
86
684
432
394
429
319
574
175
720
568
223
343
160
700
495
268
309
10
42
631
701
136
497
228
409
157
33
594
352
535
387
520
223
91
143
282
688
287
369
612
467
293
165
65
707
660
554
245
523
524
399
317
212
142
12
491
517
9
467
332
224
618
357
519
457
622
502
131
656
353
15
21
152
528
457
337
327
37
5
79
369
528
162
226
426
394
463
90
251
194
118
377
619
443
667
553
241
274
265
687
235
560
293
202
561
232
124
710
321
520
694
38
337
630
130
342
545
152
562
21
535
671
670
365
668
288
213
588
355
315
479
481
590
110
177
22
450
532
352
710
603
632
78
556
46
451
214
333
42
165
288
108
385
572
209
82
249
22
508
447
66
38
347
152
478
675
302
525
534
256
96
271
703
377
342
375
241
127
325
351
627
310
198
510
394
552
460
509
457
237
232
394
2
715
642
147
662
243
250
530
424
550
307
430
5
32
336
483
218
436
171
520
310
241
618
283
145
372
357
396
139
163
711
465
689
168
181
114
546
682
631
127
261
288
314
335
651
477
649
565
269
217
638
490
394
421
284
432
406
360
49
409
687
362
390
555
189
331
33
143
339
43
126
641
70
550
307
280
217
390
476
472
194
246
152
650
639
98
377
421
325
267
564
619
222
42
438
23
585
351
147
19
314
162
607
650
706
483
133
205
687
537
520
359
273
597
42
358
384
456
122
521
278
266
185
648
119
237
158
369
526
39
136
382
509
674
282
551
631
51
644
201
136
536
84
187
156
173
632
608
609
552
423
638
632
378
298
227
111
106
322
452
79
33
268
237
16
203
227
643
575
141
399
71
687
429
609
132
459
678
481
574
472
707
649
63
641
266
673
214
390
625
262
230
172
33
220
184
198
619
531
682
556
251
175
541
585
172
407
96
237
92
329
338
360
252
464
687
386
353
285
470
0
495
333
336
713
472
615
57
354
606
666
231
696
246
73
641
545
36
563
32
219
608
289
202
398
328
302
248
62
691
395
97
391
436
233
62
363
646
466
111
119
651
369
503
114
494
19
449
248
545
24
407
78
661
581
640
577
209
457
697
137
177
172
481
238
154
185
711
221
591
188
59
1
319
288
145
456
686
437
180
167
583
475
130
479
90
369
277
172
235
66
118
575
34
258
634
662
237
507
657
697
406
607
464
398
364
462
504
172
535
337
282
576
84
54
338
338
244
52
520
359
674
535
533
412
409
492
231
4
281
159
231
133
392
31
410
387
540
661
421
596
718
355
454
132
333
360
11
576
569
703
45
154
174
369
83
374
396
259
49
395
654
360
392
190
25
519
189
133
654
662
222
127
25
239
619
604
84
592
448
289
440
359
564
38
347
322
578
445
410
197
368
383
118
441
495
659
457
365
384
457
428
332
323
676
717
433
661
240
213
197
290
461
528
75
298
246
487
451
235
452
404
545
184
301
177
238
172
506
420
316
121
195
515
247
714
520
190
385
373
495
505
664
93
630
146
444
159
460
171
249
716
460
718
649
30
205
273
718
561
254
228
515
567
258
498
216
164
615
224
447
477
303
100
140
159
304
206
352
633
454
408
160
592
48
368
337
232
572
684
627
48
291
558
169
65
365
271
503
19
451
587
415
135
257
10
422
131
425
413
709
532
185
443
146
234
83
510
630
331
49
644
702
20
504
384
139
634
58
381
110
399
50
592
378
185
642
134
387
161
700
146
142
64
377
523
262
400
356
379
626
16
150
678
532
547
116
17
3
364
513
661
638
488
591
690
415
645
694
631
114
528
150
37
544
31
421
541
299
242
218
437
708
367
34
695
4
655
507
82
82
687
371
303
240
14
376
416
325
100
621
709
709
361
673
563
441
172
21
241
104
661
137
368
494
174
506
13
696
593
120
353
35
699
620
580
522
265
506
697
692
222
669
698
177
713
25
186
556
519
430
226
298
267
355
599
504
668
546
451
567
339
447
122
393
293
202
245
127
457
102
489
398
501
218
337
517
395
55
453
607
413
385
272
277
102
576
427
286
400
383
163
150
283
356
294
94
97
349
37
166
518
683
391
131
107
93
213
50
497
573
173
580
505
181
595
307
703
389
407
656
479
232
703
38
226
68
225
101
387
34
455
634
481
601
306
506
88
291
289
582
267
321
654
106
415
339
93
228
449
451
395
364
257
255
404
500
587
222
393
428
508
655
472
248
549
318
411
52
701
461
20
134
476
320
270
623
207
127
155
33
535
222
496
401
1
645
71
102
665
546
49
56
187
186
438
127
177
628
134
693
652
524
717
292
531
208
593
258
54
557
406
282
587
131
534
438
272
167
58
382
364
480
491
463
219
664
704
206
594
215
222
659
454
687
474
194
38
1
205
305
674
58
70
509
391
171
496
216
332
528
123
361
329
720
165
78
37
28
569
631
383
695
682
622
244
50
177
104
216
373
107
313
487
531
527
416
401
585
665
618
365
59
219
436
314
355
81
123
567
589
458
555
388
536
337
191
36
645
240
365
304
635
710
52
326
49
430
110
569
604
415
712
661
640
92
300
272
648
284
651
208
674
469
102
525
387
62
118
390
61
411
614
270
104
473
152
165
654
542
428
40
42
613
172
86
572
296
329
198
226
487
430
574
658
130
387
305
282
665
718
99
530
692
676
471
199
234
709
32
608
453
483
32
702
86
313
152
443
153
542
505
389
226
592
516
177
591
364
549
605
402
390
128
203
657
620
655
4
143
385
531
675
459
644
717
432
363
97
517
362
205
180
501
627
6
160
321
411
182
626
106
208
563
288
375
605
15
522
58
541
382
412
458
684
127
20
180
575
25
306
661
107
515
176
132
404
97
375
346
579
59
251
96
303
280
441
558
556
672
300
607
495
293
682
658
566
498
269
44
387
604
37
594
24
338
361
714
112
656
105
113
84
250
504
387
285
391
344
650
11
62
211
261
650
567
465
160
344
708
67
323
429
547
221
178
114
41
91
247
550
214
14
77
589
475
339
67
283
171
375
610
357
78
696
359
144
611
282
617
221
641
516
695
421
713
384
644
45
167
421
494
230
103
38
371
218
684
283
550
374
561
316
556
593
179
634
398
341
325
527
418
696
27
491
129
13
622
572
465
9
689
26
81
459
59
330
556
244
250
145
481
393
240
152
32
603
570
97
353
483
426
542
65
44
617
227
161
162
673
169
349
407
710
669
214
306
25
140
340
714
511
685
332
555
58
204
655
98
691
618
93
540
711
688
55
296
337
134
40
434
670
169
168
715
459
342
640
251
637
167
19
250
236
318
548
502
459
55
696
340
633
652
150
278
61
436
283
230
173
673
333
707
43
269
495
471
204
639
703
269
576
368
64
542
230
658
437
663
172
200
338
79
255
423
108
502
83
82
105
619
26
653
401
384
221
210
649
709
354
175
503
327
469
353
303
458
104
214
140
131
217
90
202
417
88
607
235
684
347
164
71
199
646
301
529
697
191
257
58
229
518
552
358
444
703
224
288
572
673
273
577
597
436
222
90
218
286
246
409
279
437
664
329
467
170
74
586
32
77
439
709
84
511
252
437
625
119
491
146
495
526
592
412
267
171
187
81
593
383
336
436
697
556
130
10
174
571
406
252
454
537
305
662
561
498
290
18
490
626
8
493
292
359
415
682
388
539
182
152
188
59
305
597
418
581
544
472
570
658
627
349
19
428
190
525
125
521
326
436
501
206
692
424
17
499
77
52
673
416
584
370
111
223
637
213
77
16
78
46
65
210
689
377
567
337
409
538
570
69
265
276
281
262
158
289
254
579
690
505
175
271
225
626
706
121
60
254
79
327
389
397
47
188
310
600
298
37
94
684
6
319
653
283
547
25
705
138
529
120
78
173
378
602
175
528
275
612
170
555
613
302
509
88
265
23
487
662
292
440
127
351
649
644
575
62
467
146
82
696
266
487
541
462
46
679
269
44
0
119
447
191
328
78
653
413
451
110
468
269
696
69
571
279
610
347
132
304
570
312
59
341
1
284
283
129
18
285
433
179
292
471
456
494
148
127
466
518
535
101
718
225
471
31
699
435
582
28
716
446
383
409
591
3
642
94
129
682
496
641
628
509
70
446
340
91
585
159
603
417
113
18
177
547
374
380
264
327
204
232
90
249
2
490
521
337
51
3
436
541
72
257
134
480
608
345
327
259
240
572
655
130
572
248
568
615
102
221
422
540
60
339
470
166
442
6
469
107
205
581
603
638
203
405
661
706
481
632
469
202
467
238
373
77
482
489
283
150
478
590
691
716
547
711
123
305
386
719
411
276
96
403
541
118
324
608
509
236
415
28
415
101
320
292
189
180
657
645
75
191
429
298
699
282
591
635
161
260
65
74
130
148
281
74
100
382
509
103
471
592
310
349
554
595
635
674
287
600
481
593
215
82
509
538
22
227
422
195
8
30
351
375
446
109
243
121
198
244
325
533
400
103
620
96
646
508
446
137
405
714
454
519
405
282
119
365
576
193
104
403
90
113
521
497
42
313
455
58
95
706
623
428
281
225
681
572
570
641
496
47
37
574
671
131
599
445
503
39
391
117
391
611
410
224
190
676
27
575
152
553
588
4
209
703
320
696
498
608
271
248
433
33
314
550
219
192
234
158
77
35
77
272
180
115
86
14
650
401
298
147
208
90
607
478
388
484
709
422
521
151
31
442
141
401
622
366
13
329
29
276
672
273
676
372
144
22
461
496
405
332
226
454
440
45
480
346
95
649
222
467
524
64
589
379
2
311
63
159
316
394
209
23
289
95
248
77
58
71
285
149
380
294
567
266
19
627
270
333
465
187
713
595
443
35
555
377
527
215
686
103
510
471
511
665
20
648
261
562
555
462
599
481
564
289
704
594
6
286
587
681
457
123
434
30
316
232
418
622
682
331
158
34
309
104
668
650
377
649
144
476
561
522
362
7
675
624
718
439
433
695
636
678
234
82
435
532
617
385
495
89
600
295
129
223
189
200
153
326
272
509
124
83
407
624
690
278
91
389
692
81
107
710
706
177
192
217
642
662
251
329
247
304
463
383
525
144
141
285
361
305
160
666
655
431
419
40
133
191
690
686
629
109
303
707
690
535
412
662
652
275
604
474
555
108
450
318
102
141
1
27
595
667
628
385
114
9
269
15
335
522
419
139
47
692
495
345
179
554
193
488
355
294
314
533
42
187
468
246
50
212
282
610
536
605
628
708
506
73
615
10
479
614
166
198
712
459
190
526
594
158
140
635
318
527
108
231
131
419
542
438
85
506
523
334
710
227
262
647
145
336
97
689
340
644
662
113
259
106
327
138
383
618
408
357
403
608
23
73
226
484
676
295
495
633
662
576
317
270
600
492
343
673
621
638
297
415
101
152
158
410
48
324
482
528
600
270
609
338
683
570
694
668
719
506
651
464
482
227
71
255
45
118
208
612
128
471
487
152
687
216
109
715
310
711
228
247
318
490
548
259
553
8
102
0
531
305
366
571
595
309
130
79
519
233
181
205
205
381
611
579
63
649
685
449
266
101
374
160
595
367
587
256
109
251
563
526
627
58
276
519
474
464
86
188
716
29
215
189
571
119
211
205
505
210
678
370
32
414
254
195
359
669
609
443
698
129
523
445
702
224
510
376
454
299
618
220
584
648
471
686
426
355
370
696
417
142
194
92
161
682
713
674
408
703
191
451
122
503
197
690
495
715
353
370
486
686
212
527
321
676
365
428
218
601
554
363
193
228
57
431
379
696
658
637
410
329
592
444
493
73
33
599
442
309
187
40
555
273
66
521
429
355
288
100
549
412
344
289
148
143
234
518
258
511
698
101
393
687
78
610
169
511
458
330
188
512
407
294
251
502
263
608
375
636
45
542
649
529
91
566
63
369
137
331
279
576
445
703
153
118
622
630
501
111
91
139
274
434
465
296
506
423
497
256
660
284
407
359
367
448
450
579
409
119
354
347
644
425
480
586
30
136
659
125
596
418
506
687
324
49
501
465
706
263
677
281
572
499
278
181
175
687
174
288
270
70
65
17
219
38
2
75
504
53
32
528
17
68
94
552
594
695
364
12
266
266
625
173
47
428
4
180
311
681
705
191
641
28
159
76
556
718
501
686
612
620
502
327
335
649
585
26
695
624
332
712
364
180
51
267
610
620
684
32
455
379
158
140
541
477
215
49
391
277
206
303
335
123
150
560
601
524
685
676
516
490
676
620
308
679
300
509
143
11
714
36
9
322
90
619
662
24
207
599
475
67
617
704
14
464
442
485
408
114
237
6
150
206
291
488
149
392
521
81
204
86
131
111
10
153
140
369
474
219
599
679
144
296
97
540
92
694
508
223
394
588
86
458
324
61
541
379
36
288
10
282
84
256
155
148
117
576
4
26
308
104
594
73
424
129
568
229
677
222
102
386
347
551
509
586
341
364
223
136
30
640
387
498
331
159
150
317
193
271
161
76
664
127
324
206
171
466
594
154
23
235
286
140
193
644
109
79
177
582
511
484
258
52
98
408
198
618
80
489
275
409
287
358
711
652
597
272
371
77
689
508
344
453
430
208
458
99
542
41
38
122
505
686
35
547
175
211
545
521
434
58
267
526
256
239
545
62
209
580
245
166
556
478
453
306
486
351
488
380
203
255
59
550
244
210
412
204
25
432
582
426
422
369
326
258
442
407
399
162
50
169
450
194
254
668
472
492
126
457
210
215
631
521
420
352
401
373
558
238
502
51
437
385
183
43
583
617
113
710
326
428
582
639
695
41
310
711
713
597
393
364
420
468
199
204
692
460
85
253
143
547
635
570
617
584
0
238
154
598
59
69
90
590
570
682
52
554
399
58
515
29
258
629
385
343
589
196
317
593
340
545
567
266
17
531
247
530
616
640
188
483
203
568
41
242
472
229
660
287
560
664
583
241
330
595
422
326
313
518
381
409
67
154
512
674
359
115
86
354
364
232
305
698
432
110
437
284
127
34
532
607
189
549
50
534
558
482
255
620
643
25
698
248
243
451
563
286
497
279
306
276
545
682
447
715
79
510
582
688
149
698
138
381
284
166
682
462
106
391
14
342
96
512
260
654
654
366
566
331
443
230
520
688
460
398
143
660
414
107
140
248
717
434
436
523
346
72
402
318
513
429
455
415
78
675
150
48
536
394
587
309
428
582
188
513
0
543
85
660
44
293
27
218
47
516
381
357
99
417
228
652
547
643
83
455
471
712
522
328
489
234
608
398
502
693
671
474
425
484
260
137
490
528
142
482
315
212
279
161
69
577
660
149
143
550
714
648
654
9
132
80
68
389
192
84
251
165
341
247
595
270
422
396
668
304
529
105
418
53
30
216
167
529
42
328
403
125
139
209
464
572
24
7
294
225
41
121
372
603
342
605
379
567
299
68
136
372
673
569
300
559
302
164
604
465
516
709
461
652
226
260
392
27
70
10
135
230
630
550
252
719
62
233
30
516
436
464
326
277
438
573
381
367
648
548
337
291
405
535
491
153
521
252
518
200
433
683
624
107
190
556
512
608
622
453
634
570
460
613
164
251
324
463
539
294
373
248
273
217
304
499
445
227
706
642
438
168
468
141
147
205
600
49
243
89
403
282
658
390
210
494
72
579
665
311
510
373
656
384
72
90
68
221
272
119
79
481
57
450
705
66
85
525
588
445
110
418
346
52
389
231
626
32
522
9
217
289
717
44
294
269
388
459
339
370
441
585
189
29
532
278
603
115
679
424
507
583
74
363
704
362
32
80
28
384
505
578
293
474
145
269
249
92
325
502
95
558
604
291
17
14
385
358
180
533
701
330
158
32
647
567
326
247
320
467
346
130
524
133
40
206
132
94
36
600
454
421
465
14
534
167
456
120
377
622
617
486
404
573
307
490
156
524
477
48
645
45
708
376
208
705
669
514
513
471
465
442
317
508
464
414
624
76
229
533
33
89
376
464
544
448
717
63
110
501
485
682
561
46
362
493
34
613
217
385
63
379
707
639
363
522
189
548
513
704
368
144
112
513
473
155
698
444
653
486
72
608
423
448
449
477
189
543
582
422
381
638
315
183
121
413
566
174
69
31
330
325
357
376
359
532
367
325
250
470
383
393
637
269
476
668
408
668
108
82
150
288
709
398
154
312
505
303
371
250
229
57
141
67
354
18
581
298
366
330
516
67
667
9
238
282
146
100
715
466
653
82
470
526
81
577
173
488
588
534
83
567
671
27
348
666
216
211
552
631
247
718
89
282
486
434
533
415
98
411
454
127
696
528
367
557
226
358
689
446
231
666
380
315
603
125
129
591
638
380
618
622
361
6
10
373
628
77
251
7
660
488
253
318
336
78
100
301
214
475
417
405
683
104
155
637
282
273
514
374
285
407
124
232
382
351
236
506
262
422
245
689
557
302
48
545
513
360
285
65
205
355
519
621
156
16
220
624
524
293
513
172
165
530
154
507
134
408
251
184
371
393
239
272
659
125
522
419
134
603
190
516
415
524
368
258
241
153
111
149
170
593
24
434
683
422
279
421
658
219
55
359
167
8
20
699
646
720
390
521
616
243
225
564
376
351
696
335
389
496
10
326
196
154
603
317
634
369
620
99
237
273
472
638
157
68
346
672
21
540
543
36
140
195
641
402
477
448
404
133
660
472
643
241
396
215
657
104
110
77
694
297
367
463
500
118
174
178
617
679
325
424
382
79
517
594
400
561
101
482
252
66
124
560
703
685
591
370
630
376
399
615
18
483
391
112
215
282
677
484
195
562
101
508
25
36
455
460
605
340
357
169
225
661
237
542
357
712
488
115
95
718
101
472
524
593
396
515
557
327
154
285
479
50
344
178
133
520
54
305
267
531
307
403
187
359
523
704
474
376
494
640
206
286
357
84
177
544
658
564
555
546
487
340
687
681
678
24
205
165
98
628
128
223
657
344
316
328
526
230
61
86
66
695
707
512
428
642
11
706
624
510
80
79
457
221
215
179
92
1
541
542
8
134
578
485
88
336
675
253
47
514
189
674
60
396
216
282
417
708
142
716
233
340
542
608
116
585
452
183
445
42
324
250
215
253
441
284
532
368
100
577
450
691
183
52
148
354
519
690
122
408
672
183
311
33
107
158
238
127
467
188
187
691
321
455
501
280
664
311
173
83
625
385
233
376
46
401
207
258
151
215
86
557
569
387
299
316
207
545
9
261
50
19
330
291
296
49
121
566
133
102
69
200
387
592
222
709
18
120
521
578
441
494
445
65
379
527
474
487
673
716
103
267
538
662
683
342
53
25
554
485
117
521
369
5
482
7
469
322
425
694
377
348
556
695
642
714
107
633
288
634
709
298
86
373
343
17
253
336
633
603
631
135
615
284
700
8
202
223
525
390
129
418
149
64
512
420
689
510
579
112
625
590
83
544
672
381
377
690
593
446
124
623
203
444
197
118
675
634
52
311
653
501
3
340
684
398
425
302
331
120
571
391
82
0
107
506
240
377
429
529
618
673
582
100
621
656
421
139
43
704
182
705
314
42
402
326
101
71
133
503
478
246
517
518
19
60
118
61
639
161
665
491
598
512
445
621
323
64
639
437
332
144
441
493
295
704
321
217
371
213
17
399
373
443
4
480
383
545
609
664
228
617
186
690
599
258
80
543
135
172
401
14
447
194
708
188
531
676
503
473
696
220
315
602
126
391
674
359
519
586
644
561
352
519
51
120
237
710
436
356
466
182
245
380
689
188
172
426
599
360
133
619
147
209
38
316
495
184
684
456
486
25
336
638
387
261
411
281
290
325
492
709
527
484
219
281
489
529
122
605
16
400
582
542
529
432
355
533
557
590
79
325
694
395
289
408
554
394
286
398
531
431
13
672
521
464
665
402
61
118
214
225
668
240
460
42
639
680
306
195
319
219
645
688
290
691
11
369
612
173
683
266
422
691
517
175
352
19
653
496
575
23
418
624
319
345
370
81
225
624
312
175
391
285
182
672
254
385
719
386
593
445
392
648
522
637
171
293
518
359
564
542
358
256
523
323
140
2
234
397
83
153
396
298
594
514
290
114
445
205
397
655
343
101
20
101
29
635
17
583
49
246
101
155
380
113
184
584
65
248
42
68
255
585
322
702
490
200
559
84
641
517
420
659
25
625
709
705
99
251
429
602
46
175
215
107
527
691
70
612
333
604
259
455
43
422
519
706
434
226
206
43
612
567
149
463
174
4
458
462
278
356
99
251
261
317
415
667
154
523
494
712
117
84
229
333
323
95
396
662
291
438
447
509
133
31
352
702
701
665
362
463
376
107
370
286
683
196
386
188
145
120
308
253
663
320
442
4
525
655
565
299
86
58
71
462
472
577
331
548
357
522
597
612
112
556
213
54
277
447
425
138
128
302
157
90
12
590
404
562
108
361
607
15
333
381
47
671
292
518
303
503
411
224
282
346
447
552
103
523
353
625
142
440
86
702
660
456
455
309
621
664
385
108
296
155
468
135
701
375
706
363
13
523
158
479
273
665
575
143
683
349
709
552
459
249
39
154
697
42
451
316
102
586
141
530
375
331
122
195
512
129
65
326
684
437
642
83
293
383
673
609
520
441
364
303
151
107
361
643
477
641
221
408
705
101
7
553
64
311
582
328
621
285
15
400
37
317
270
673
247
580
232
254
447
547
64
149
433
366
13
273
518
574
94
652
289
135
222
29
230
358
43
535
154
556
218
98
84
695
528
407
275
110
195
19
285
228
414
427
472
160
260
101
545
504
447
62
2
711
513
670
678
437
554
132
90
608
685
381
461
32
180
186
101
57
143
54
526
172
422
670
532
376
714
490
534
170
191
260
627
362
284
257
659
674
62
582
287
519
569
444
413
656
186
528
72
254
134
408
712
468
352
136
305
517
4
103
599
264
276
119
14
324
489
487
645
202
493
295
316
489
127
410
167
551
439
611
535
229
67
671
414
257
28
168
17
348
442
355
307
417
554
101
81
212
637
669
494
251
349
522
578
558
438
218
678
52
408
144
38
530
551
379
627
44
359
86
109
589
556
487
403
88
336
399
29
661
712
435
539
533
72
646
113
143
5
268
78
389
240
254
350
24
253
361
212
232
457
222
362
529
131
608
540
420
386
351
405
4
175
252
523
50
635
521
65
257
181
681
95
10
536
549
300
17
131
126
710
140
420
616
669
488
638
185
647
84
53
208
621
295
555
442
356
609
503
591
493
339
49
451
475
434
249
258
249
574
34
647
72
105
134
194
144
589
704
574
306
655
202
607
33
102
482
421
206
84
270
614
285
528
462
511
184
684
253
448
592
337
11
529
532
146
248
697
416
212
394
519
615
391
416
232
177
520
62
313
651
229
345
696
549
121
207
547
183
198
367
173
624
436
666
566
402
17
349
715
324
111
231
231
596
152
548
424
248
457
93
358
186
576
182
433
672
424
478
295
720
186
332
260
177
292
436
479
179
152
154
99
384
312
327
696
495
155
163
284
435
61
239
425
335
619
548
688
251
180
82
352
615
98
607
58
594
542
414
586
675
426
173
355
602
397
258
372
442
392
645
266
198
396
517
454
712
666
412
507
275
158
166
640
116
592
553
98
249
533
173
226
340
263
22
118
554
206
371
306
253
112
289
208
480
673
654
399
296
26
160
652
59
52
281
217
167
56
514
500
259
512
540
484
55
670
122
645
457
231
653
236
248
263
401
464
558
411
405
116
335
69
0
307
339
329
83
329
207
677
230
662
448
362
426
155
593
219
171
261
612
323
396
428
48
486
557
1
678
131
673
612
561
161
417
627
643
427
262
346
528
298
718
84
617
57
7
193
618
349
276
469
495
30
328
481
335
402
437
208
670
294
672
208
106
652
570
432
518
374
123
313
320
54
439
286
256
584
194
679
220
408
282
491
624
55
284
538
111
192
85
149
718
162
157
355
30
151
336
379
478
158
210
153
548
374
249
448
435
207
464
307
523
397
634
5
426
160
339
462
278
277
52
665
207
671
523
666
464
320
195
65
119
280
711
375
716
612
300
336
94
136
487
630
13
158
182
553
606
204
480
111
647
632
712
688
608
165
509
339
218
282
288
652
636
251
197
513
404
634
706
702
585
466
642
194
53
532
390
81
662
524
524
335
590
713
230
20
507
21
170
683
643
349
617
463
436
162
129
350
363
526
325
154
151
329
47
409
124
199
389
117
158
238
309
127
152
177
625
617
712
461
234
552
24
644
306
588
241
582
94
435
209
340
273
468
700
219
692
508
328
531
223
423
245
247
403
308
297
206
383
522
498
58
356
611
611
411
255
242
587
61
509
270
663
307
317
521
88
226
19
261
451
685
286
385
238
654
607
96
218
238
67
1
358
294
536
294
493
499
28
362
74
298
63
632
536
441
543
201
243
99
112
584
645
417
393
438
279
480
627
328
369
595
597
599
292
654
537
419
58
355
285
250
55
657
270
67
184
416
581
378
405
249
24
146
498
707
53
329
719
259
640
417
430
31
508
603
414
524
580
351
575
326
241
558
51
165
393
22
700
54
86
502
26
321
67
191
656
618
413
22
593
173
255
205
274
10
609
167
571
72
226
152
238
48
280
444
188
231
342
424
129
527
581
84
318
326
427
313
30
381
7
328
200
334
67
241
376
193
557
368
201
8
269
503
72
131
497
504
384
540
5
30
619
252
688
629
140
556
708
31
428
392
380
105
525
592
280
520
395
97
180
155
473
273
377
526
414
556
448
247
622
135
599
435
692
164
29
22
347
229
160
69
197
661
504
208
691
29
275
148
284
519
83
609
410
225
683
568
68
213
459
667
29
417
260
488
655
467
230
704
178
222
368
108
359
80
363
32
114
68
371
125
191
600
108
159
714
189
354
26
334
554
52
623
190
84
709
700
224
446
251
213
425
257
350
115
551
493
92
47
480
484
98
417
362
33
484
522
77
239
214
492
486
220
346
500
400
702
302
372
582
173
720
129
382
261
126
404
206
612
612
21
611
61
258
644
423
607
512
262
522
565
544
572
288
318
708
346
322
596
657
372
157
629
648
527
288
63
520
561
529
491
35
604
232
54
25
302
359
217
352
173
617
139
117
284
309
507
172
691
570
39
444
133
620
191
584
612
298
651
334
15
468
380
245
220
208
393
336
541
330
116
528
624
179
469
26
415
660
627
447
500
300
535
491
70
525
275
81
41
667
588
717
264
564
10
137
68
206
191
570
586
487
296
285
587
125
494
400
593
35
35
233
591
455
66
136
679
610
32
460
215
32
299
10
54
523
415
691
165
187
77
582
173
158
22
548
675
494
171
374
13
624
617
651
252
256
372
327
668
561
234
508
229
587
459
490
486
588
171
230
311
189
603
194
412
291
625
400
708
525
28
140
454
356
103
484
325
312
270
706
237
394
438
562
328
353
282
711
638
487
313
282
542
426
327
124
520
379
468
288
236
639
370
163
256
263
286
378
279
6
280
628
509
457
405
711
247
366
418
408
430
213
124
22
576
397
515
681
476
168
295
156
279
166
184
171
339
293
290
641
698
34
546
557
163
213
5
65
289
47
79
305
317
683
223
162
627
35
651
618
401
469
9
124
363
653
333
418
482
686
588
600
490
478
314
94
219
44
230
8
687
316
551
463
141
8
481
302
653
114
201
377
631
477
608
393
82
27
651
545
9
580
413
710
17
179
426
370
618
566
177
642
52
11
401
413
659
66
117
585
94
43
679
211
500
6
88
645
374
168
544
42
97
310
557
451
381
658
609
405
356
685
687
257
371
81
272
220
24
42
641
420
538
575
670
106
30
122
52
326
347
396
158
223
27
371
542
673
18
676
265
106
9
306
39
79
244
67
82
91
583
369
476
183
522
706
457
406
432
367
690
260
202
129
318
294
225
676
715
666
564
131
188
653
10
341
160
464
645
96
475
419
533
284
536
667
78
239
561
152
560
655
371
127
493
649
22
700
513
486
615
45
81
283
533
102
549
525
700
93
507
616
78
573
260
552
465
224
390
389
433
580
104
698
231
611
194
425
538
594
356
287
634
98
447
581
551
292
13
669
125
523
287
514
60
456
255
563
685
441
511
377
244
356
179
575
519
387
202
710
677
627
17
693
102
539
449
337
92
657
423
544
334
470
633
563
662
396
23
308
436
296
48
558
139
320
363
225
269
441
497
455
701
123
702
592
3
193
42
129
581
24
654
109
23
608
345
687
277
357
245
33
349
387
132
254
473
388
41
20
249
321
588
460
194
334
623
135
390
636
528
13
21
98
50
338
250
524
486
674
338
295
101
39
273
694
478
462
374
117
340
530
254
332
456
663
208
279
353
224
241
97
184
408
319
274
308
596
282
561
361
247
133
686
11
597
586
397
501
360
701
693
719
1
109
189
225
521
63
282
410
404
656
191
668
379
241
662
426
432
551
365
529
160
20
628
662
77
314
109
463
378
617
341
442
263
697
184
225
519
281
544
152
116
337
496
54
257
626
383
244
162
552
607
399
369
71
346
70
660
339
538
229
201
682
584
626
105
448
457
380
200
365
219
184
193
541
234
131
636
146
185
104
309
92
583
361
47
347
63
613
410
437
258
99
252
692
35
611
555
234
286
102
39
190
48
239
204
23
204
671
527
665
50
107
500
533
422
362
452
618
432
420
34
196
630
482
587
33
115
276
638
340
631
210
6
285
654
202
5
585
452
711
545
338
334
317
477
18
217
219
552
656
708
319
634
510
645
634
449
133
13
122
81
68
155
245
119
399
698
502
1
238
67
73
553
515
709
112
355
596
209
160
504
226
323
430
75
366
519
392
608
304
507
234
659
343
469
48
256
478
450
305
407
67
402
306
409
575
292
11
377
259
649
603
712
396
610
85
677
496
633
620
228
396
408
158
201
395
195
490
111
262
99
428
264
145
270
472
321
503
614
400
111
644
488
326
446
648
81
212
178
232
76
568
690
477
665
18
659
450
540
683
237
497
491
367
370
255
261
151
290
278
473
594
81
622
340
229
300
88
96
52
341
274
17
657
636
471
445
478
297
33
616
268
620
231
241
611
661
104
76
605
363
272
399
399
212
94
551
32
474
279
666
242
130
552
573
130
568
440
277
317
327
112
574
711
234
548
408
540
319
456
245
619
183
212
505
391
548
126
497
403
542
434
592
590
380
620
295
153
46
601
429
715
145
481
204
502
292
314
554
274
347
343
41
665
708
484
324
625
2
682
478
427
381
345
609
36
56
546
418
536
60
63
514
712
493
196
578
310
169
502
223
8
231
215
506
47
56
427
144
117
52
647
197
621
649
94
185
271
650
707
605
521
390
400
580
109
238
576
454
502
578
24
619
634
624
382
647
620
481
195
566
450
522
308
9
622
522
84
213
12
55
452
629
429
330
52
15
201
249
483
490
324
195
485
90
5
473
381
57
283
53
712
555
16
33
173
2
399
284
405
410
461
356
39
311
420
230
441
13
116
6
313
40
347
191
23
84
199
449
227
302
288
114
529
629
430
378
619
328
186
45
522
63
223
562
495
262
104
250
278
103
631
354
509
96
335
292
236
74
627
394
691
121
17
260
715
151
351
1
620
603
276
156
561
450
559
42
387
86
477
637
670
634
602
161
308
573
494
573
569
447
237
92
159
611
417
139
553
662
413
657
490
357
511
464
205
72
358
157
213
483
430
130
314
193
384
42
615
620
410
612
649
369
582
75
149
39
247
397
70
380
439
219
300
419
286
298
53
705
34
616
699
694
276
648
29
70
660
576
211
220
6
564
630
544
231
230
57
352
55
686
393
75
481
292
269
190
194
102
629
96
293
654
223
695
287
60
45
447
560
569
378
184
573
381
232
95
597
153
143
350
688
73
450
414
521
5
180
72
416
381
122
27
4
134
146
649
629
442
221
326
694
68
678
545
681
274
263
552
488
261
376
566
573
323
211
104
386
450
562
500
335
497
429
649
256
353
489
130
564
443
425
117
432
275
36
449
413
13
483
217
223
458
170
609
477
248
675
119
534
679
34
310
120
574
387
200
139
512
299
631
682
518
428
597
155
475
199
127
342
241
389
181
639
102
496
278
64
386
241
712
477
511
93
85
18
101
563
550
12
141
33
634
407
382
496
185
380
707
548
654
432
662
83
109
520
670
85
366
170
474
327
247
341
679
48
253
707
83
297
713
569
656
668
433
587
404
162
530
171
360
392
598
422
650
280
519
339
164
4
595
262
78
324
299
249
330
611
219
187
532
505
413
285
95
192
46
541
167
19
127
621
22
313
257
519
510
673
177
9
711
100
40
178
136
593
177
99
194
438
482
37
403
74
583
137
176
278
530
33
472
223
180
51
468
365
687
458
235
127
64
706
74
96
639
688
471
435
609
116
162
586
29
29
42
438
313
366
104
377
227
453
670
713
279
342
570
219
