19
412
112
548
58
468
373
514
367
266
622
252
453
410
134
217
634
30
492
527
336
242
112
460
95
249
106
379
287
204
273
319
128
334
26
142
603
184
208
375
545
61
407
461
431
689
606
355
3
354
268
275
288
514
596
486
520
633
670
706
535
364
90
286
187
254
657
539
604
8
30
93
551
272
61
528
108
88
58
111
583
665
52
530
577
598
408
600
402
279
158
568
410
398
64
575
126
433
664
663
38
697
499
326
264
549
179
395
166
78
170
322
51
98
707
235
500
403
289
87
656
610
134
294
422
242
600
545
431
315
238
174
505
241
398
715
608
92
321
209
198
308
576
712
239
107
474
718
32
107
92
558
475
707
185
314
518
592
385
350
497
32
325
543
408
194
534
259
640
625
581
41
144
144
402
402
686
609
241
429
471
382
357
6
8
427
152
456
514
702
439
306
116
114
505
112
169
272
304
89
617
222
717
569
63
263
375
582
442
56
640
459
92
531
257
575
51
537
328
269
546
167
230
440
261
220
460
515
343
491
344
678
84
343
485
312
448
65
39
16
236
677
336
201
161
194
138
505
278
623
475
663
178
590
197
232
9
40
341
217
662
520
702
480
5
533
89
705
702
346
623
530
466
318
58
461
623
296
80
94
177
139
278
280
365
465
47
619
313
644
99
357
33
49
101
711
457
155
33
319
125
557
375
487
79
420
21
519
398
543
66
611
78
503
535
547
230
420
116
369
661
657
141
403
452
267
59
283
692
660
400
210
234
529
720
417
288
441
326
650
639
220
347
16
449
37
167
10
164
148
301
104
485
187
96
279
70
129
303
541
390
184
491
75
31
324
690
520
48
593
697
686
183
564
555
533
678
233
142
485
69
108
437
84
556
679
564
656
503
509
0
93
297
710
8
509
273
57
75
437
390
216
701
496
642
638
43
27
575
587
249
503
37
12
597
101
652
414
18
447
446
708
679
639
236
561
6
490
332
682
282
704
222
24
585
292
405
568
405
714
578
602
93
354
555
463
232
708
494
319
421
120
580
653
2
544
90
297
65
430
343
591
271
564
105
166
503
259
407
338
292
504
287
85
76
252
49
12
0
502
621
538
403
651
116
206
72
483
250
173
195
159
690
635
413
412
275
16
102
540
40
709
203
238
558
477
662
391
707
628
70
319
359
128
676
195
619
680
704
703
144
523
247
272
391
687
705
420
674
183
555
351
555
102
261
554
35
234
258
459
179
117
398
180
574
446
165
108
673
605
341
8
683
677
381
309
0
520
179
374
143
38
95
175
91
142
623
351
614
216
415
134
587
199
122
161
500
662
285
172
150
70
421
170
473
583
624
54
682
591
337
595
492
420
321
585
5
43
421
491
475
437
273
342
228
377
220
12
223
295
606
226
693
144
426
414
20
43
589
279
661
33
258
216
24
103
560
537
361
494
625
580
288
320
100
221
329
214
381
138
469
203
84
405
471
608
453
190
155
340
110
413
222
531
710
466
243
538
50
9
693
231
212
338
261
530
541
439
114
564
128
407
715
172
317
444
78
151
507
687
101
347
37
322
649
511
52
65
346
390
683
100
233
584
121
427
508
585
21
189
1
369
634
394
125
397
518
289
350
65
581
242
717
552
276
714
191
14
187
93
129
472
150
511
157
201
247
573
289
187
548
656
579
387
454
131
564
474
531
95
115
198
320
530
710
384
59
705
375
84
689
531
473
323
248
74
391
669
85
457
539
49
569
338
550
7
6
549
580
604
15
135
67
386
11
601
165
195
338
532
22
218
148
140
110
618
45
92
622
652
244
27
507
719
304
641
235
455
410
522
233
228
164
603
2
613
42
241
158
132
356
95
619
670
604
251
668
548
665
256
106
139
358
356
602
321
173
198
170
11
85
363
694
618
103
694
413
289
655
276
544
408
227
22
560
41
204
536
688
580
343
375
23
102
143
67
329
569
98
181
548
366
224
666
553
363
165
624
700
124
686
170
380
118
103
707
640
338
156
453
150
269
10
414
675
635
0
476
139
198
631
550
174
401
135
645
425
322
417
39
72
461
73
514
108
390
590
656
562
227
30
329
73
662
377
711
359
623
375
141
110
719
36
488
697
349
239
391
505
499
326
120
226
134
243
597
422
673
310
70
170
141
149
415
448
397
627
66
107
373
582
68
244
591
661
45
6
422
437
719
361
3
219
303
6
268
533
347
76
356
282
408
687
314
221
484
268
11
148
27
76
118
429
572
68
15
317
67
37
420
488
364
285
446
481
540
131
688
436
580
399
36
257
8
246
111
126
617
321
54
536
249
108
168
308
58
623
405
405
188
144
110
505
118
664
626
339
25
294
98
160
11
11
558
113
291
112
661
565
448
147
362
519
624
529
184
415
90
405
504
695
132
386
232
108
586
605
75
246
641
488
444
48
541
378
77
519
51
37
305
304
285
638
352
206
211
582
505
575
384
312
559
716
115
315
357
428
403
42
174
138
490
622
327
191
171
19
285
199
136
246
238
142
13
658
216
404
103
714
116
496
13
670
33
201
73
351
196
476
306
252
641
358
215
445
225
397
213
457
62
391
217
624
663
647
46
3
47
639
152
687
219
398
158
338
36
317
650
652
524
172
430
276
446
98
168
465
526
517
279
450
140
628
171
711
78
648
436
522
315
240
92
709
124
163
357
684
593
708
610
618
613
346
211
537
539
309
683
100
155
670
298
56
545
119
424
231
408
412
541
34
50
650
538
321
91
532
582
320
188
647
28
628
107
213
274
46
525
382
15
658
571
391
591
281
344
220
1
696
13
75
233
283
365
223
648
10
644
78
706
200
173
512
339
538
654
474
332
535
68
654
180
176
197
275
317
692
469
144
95
461
381
256
347
76
665
117
313
170
376
451
86
330
292
219
377
74
172
192
693
422
498
379
437
38
719
688
212
649
215
688
412
84
510
479
433
85
435
526
689
259
372
39
628
123
586
357
13
37
258
504
258
316
166
412
292
133
280
18
196
498
124
39
338
571
669
295
610
695
199
659
282
127
467
552
476
183
606
159
292
250
715
278
194
78
248
699
324
642
653
696
504
430
276
704
37
719
203
192
408
188
150
427
674
503
335
236
712
136
304
641
234
34
311
154
250
400
507
20
24
6
655
285
563
409
218
589
613
571
711
471
202
464
486
532
119
487
528
704
38
318
458
712
403
75
708
319
364
70
714
604
215
410
181
328
69
336
520
718
512
713
682
193
7
143
410
437
555
596
353
719
717
692
338
332
574
450
541
143
345
597
302
408
494
382
432
142
437
188
39
369
590
637
292
285
384
241
603
62
367
19
135
577
90
111
526
319
500
338
448
372
588
335
2
436
563
227
592
482
434
543
645
346
429
235
242
629
440
561
393
236
310
159
251
29
327
451
608
713
156
648
653
46
70
587
638
590
307
105
446
702
610
166
142
559
282
157
26
111
135
337
238
246
668
426
325
274
623
646
326
103
444
260
548
11
448
1
156
408
241
299
313
525
123
27
48
142
715
36
413
548
290
439
594
5
196
56
270
111
695
146
715
471
51
348
424
596
353
220
311
243
645
63
272
165
362
185
674
166
265
24
66
316
70
577
138
548
82
468
441
657
412
519
64
218
68
304
442
261
689
306
81
456
701
309
610
294
179
20
122
628
386
465
305
15
563
628
406
270
50
345
354
264
130
26
354
710
160
127
604
459
173
618
209
278
181
712
59
32
269
138
23
75
173
161
319
258
34
214
96
75
166
484
435
358
67
347
130
522
318
192
682
138
208
287
50
393
674
128
31
165
83
428
590
89
491
39
213
500
85
136
709
592
65
286
127
316
274
522
246
525
297
15
515
400
423
445
578
256
70
595
212
347
202
446
688
208
478
220
9
394
513
553
89
478
360
640
481
108
27
576
648
300
496
349
358
657
576
200
635
338
514
581
108
651
158
467
662
234
31
245
498
625
286
435
688
341
305
289
37
106
58
41
539
323
83
122
507
179
264
682
537
61
312
270
488
183
427
73
476
603
628
73
237
471
670
436
51
531
16
353
326
51
452
561
180
258
278
468
478
309
340
396
562
520
714
499
272
422
487
439
140
635
610
82
154
138
644
362
607
136
668
324
311
21
472
283
494
265
155
645
583
616
176
705
464
521
107
188
247
25
500
182
422
198
185
1
113
279
624
658
79
198
261
92
546
405
551
714
402
284
174
616
283
318
4
557
498
283
179
199
82
613
268
407
662
382
515
440
398
263
206
663
134
189
684
442
125
188
527
103
8
471
255
711
529
41
511
535
422
682
523
8
665
692
336
392
639
547
142
452
516
352
595
658
580
137
362
314
69
173
719
660
276
169
15
619
42
284
316
278
358
280
670
194
335
390
253
711
118
428
182
249
114
711
432
86
439
192
305
184
77
270
300
627
23
540
519
467
156
373
228
187
187
691
292
221
87
332
189
9
34
606
524
159
618
515
605
20
112
577
405
582
382
118
544
76
160
311
102
547
124
387
662
463
404
227
147
608
385
256
397
387
222
150
662
658
288
409
86
327
213
78
634
583
447
47
632
701
350
646
598
248
604
201
70
90
644
173
87
610
329
603
656
477
461
238
62
673
595
68
655
147
192
542
522
648
488
549
363
550
41
360
610
235
703
93
24
568
625
476
234
565
528
467
37
29
189
309
548
588
358
383
522
488
533
212
123
195
720
643
706
530
204
397
529
618
120
423
637
459
700
155
301
291
37
287
615
606
48
655
630
485
598
485
28
113
50
261
387
98
552
552
513
512
632
320
313
16
42
470
269
444
534
54
233
286
497
219
535
14
706
101
471
569
433
244
223
644
545
474
157
2
523
278
716
255
462
30
274
15
492
417
244
175
447
19
9
440
693
215
417
594
203
480
313
27
544
511
526
85
438
60
190
217
463
194
585
489
466
622
338
516
293
191
635
47
685
577
224
428
239
469
662
81
563
21
24
178
533
71
706
330
157
140
713
384
33
570
50
335
471
207
210
627
629
79
486
557
466
137
295
29
556
269
608
689
356
302
353
607
376
112
48
397
568
204
78
328
353
618
488
201
104
267
683
82
534
483
620
26
1
604
166
135
703
8
386
305
337
112
443
55
430
213
667
50
272
119
370
400
469
180
601
564
491
280
689
552
306
492
661
694
233
330
33
317
654
611
34
87
254
610
532
145
364
697
644
665
265
88
407
467
302
125
607
439
382
71
595
216
579
552
550
272
89
707
392
564
3
638
131
81
613
424
517
494
718
583
635
673
620
415
113
632
477
291
99
355
503
508
619
410
531
338
668
599
502
549
157
522
274
419
161
524
637
89
76
4
277
34
509
639
204
576
511
553
254
65
454
639
553
660
559
92
608
37
660
416
460
55
471
133
444
546
610
365
294
206
228
352
183
457
675
77
130
289
21
717
528
291
243
223
719
375
363
90
398
467
602
199
335
46
636
275
213
98
177
279
189
289
49
47
219
400
43
637
686
163
711
510
365
555
504
15
517
431
518
664
499
27
222
541
555
220
186
287
243
65
466
153
369
134
660
702
317
98
525
694
423
698
431
250
196
626
462
312
182
320
592
537
97
125
204
248
691
145
638
189
335
134
336
398
110
588
545
544
331
251
486
175
50
535
12
118
39
256
577
407
37
222
210
11
529
655
454
590
160
688
442
330
702
435
170
707
362
700
347
483
601
115
82
105
130
410
129
467
442
677
74
260
395
425
584
242
474
630
707
566
224
81
94
139
456
230
58
569
150
237
219
550
564
682
240
32
116
172
275
272
114
481
720
527
214
554
34
221
487
198
187
61
423
324
440
121
283
473
602
514
695
447
271
350
525
108
666
453
42
262
247
332
591
620
101
602
166
668
554
476
660
337
373
203
197
163
566
706
172
155
279
66
619
211
425
489
545
253
209
633
27
700
207
112
510
60
15
550
465
711
365
385
85
591
69
567
389
158
500
204
355
114
152
648
554
26
356
365
3
609
115
193
104
585
704
441
513
158
665
72
192
65
610
681
664
655
551
589
332
241
457
139
645
253
533
562
333
686
425
296
52
630
275
53
140
414
37
425
489
463
686
614
71
213
272
517
712
66
187
715
418
645
521
267
485
599
43
24
124
641
395
22
435
310
328
389
590
626
286
423
76
552
706
267
190
527
319
413
259
547
54
360
318
342
191
256
227
354
34
551
481
569
263
276
15
19
218
636
473
18
261
364
618
157
255
280
655
290
419
261
529
223
453
592
300
273
42
719
320
170
616
496
371
713
602
517
457
685
678
458
123
597
18
74
583
578
680
707
169
644
208
254
672
371
78
218
552
543
183
399
425
6
301
5
564
465
27
477
530
280
78
348
424
162
265
258
61
126
41
103
471
428
24
265
106
227
515
275
264
50
201
282
84
689
647
280
140
370
564
385
260
265
558
587
351
719
662
284
299
590
471
531
58
135
173
98
466
566
1
477
217
502
648
624
529
690
67
314
548
321
555
121
389
496
287
40
322
362
677
574
570
235
185
50
365
359
105
8
28
253
505
568
191
397
619
354
630
611
515
435
205
178
692
431
677
258
513
688
278
1
235
364
5
240
230
389
665
628
672
555
364
335
45
13
155
62
545
86
697
144
284
499
580
456
177
620
455
93
489
611
479
361
130
383
541
347
183
402
675
701
275
188
154
436
155
76
513
30
77
483
425
561
110
34
695
204
138
429
312
458
463
417
489
231
159
409
355
224
109
466
236
249
118
585
18
139
244
118
350
73
72
316
450
244
132
528
299
643
312
648
433
364
191
474
399
375
182
571
145
269
70
521
595
637
288
263
468
299
471
167
232
235
139
262
372
270
523
242
8
429
99
532
165
337
110
326
602
38
627
369
331
365
581
219
74
89
52
689
463
136
25
408
268
232
451
447
38
265
45
428
388
588
627
64
638
497
173
165
672
165
31
284
519
232
119
649
133
490
198
87
180
390
679
475
8
109
334
187
339
105
230
197
348
238
704
622
615
532
399
172
471
463
24
333
89
571
586
204
147
74
438
137
290
411
661
714
517
278
208
232
252
139
519
292
199
707
568
524
428
33
704
682
611
257
167
38
647
145
497
388
601
60
143
285
230
558
703
1
680
115
538
290
119
263
409
95
106
427
276
395
153
99
254
257
199
227
437
103
580
63
114
413
300
122
351
86
310
82
130
462
579
30
486
108
666
350
523
58
549
685
454
692
48
300
362
485
172
283
691
323
486
412
415
112
513
558
522
604
3
694
169
69
621
88
185
611
300
45
359
249
283
81
338
700
489
462
185
79
197
174
572
287
572
606
428
134
169
52
347
630
495
602
556
620
54
381
157
343
424
123
652
137
562
663
133
151
54
335
404
626
260
133
703
560
621
200
86
331
196
258
82
86
659
455
455
701
559
283
635
217
542
322
198
229
136
559
194
390
598
289
73
692
287
663
484
314
298
502
271
23
395
316
285
348
155
369
186
662
69
597
607
182
341
646
150
561
196
391
117
33
456
500
584
459
433
662
71
356
704
69
615
403
369
158
613
5
661
527
223
326
589
616
93
611
501
322
39
720
97
344
538
43
205
587
338
689
87
538
189
522
530
670
87
703
548
719
153
340
132
416
29
447
191
578
24
58
267
654
680
434
491
54
463
23
58
528
552
640
186
99
63
469
558
184
629
27
245
120
299
637
142
662
623
504
123
289
701
48
627
212
682
284
356
185
185
402
22
170
240
402
696
383
391
19
577
56
19
194
342
684
688
360
212
290
75
485
98
90
310
18
610
87
540
697
75
664
122
397
251
491
313
330
317
707
516
503
233
251
715
678
394
80
181
154
137
377
372
52
73
618
432
642
532
657
706
527
542
378
375
538
427
680
561
285
213
60
449
600
153
210
60
333
489
663
620
327
131
142
270
276
403
47
712
628
417
49
368
158
525
226
708
584
179
244
600
140
384
602
98
211
387
198
310
360
289
154
481
67
481
96
528
192
61
330
590
696
341
417
241
608
587
461
142
203
682
83
284
373
216
11
63
160
234
289
428
209
670
720
481
436
177
310
616
173
498
43
408
87
281
348
57
266
186
368
36
461
462
283
307
684
376
411
384
129
87
613
274
188
675
682
53
716
533
53
192
297
475
212
60
315
616
601
571
66
157
68
481
225
128
256
213
86
8
232
293
602
537
316
531
81
635
437
354
204
492
479
87
702
621
198
711
127
712
603
567
90
237
315
238
290
469
141
45
576
109
187
115
110
419
168
683
196
636
403
194
52
443
499
273
28
170
528
690
121
480
669
280
669
239
92
246
86
708
221
78
19
411
715
266
136
177
414
302
126
332
701
222
288
567
600
384
272
466
490
260
20
639
345
488
132
62
533
461
624
708
655
612
419
211
314
603
248
367
355
114
590
174
305
240
670
246
456
236
286
207
3
527
566
83
584
350
103
402
571
408
630
374
234
0
91
128
491
500
123
325
37
281
291
45
116
249
248
43
144
184
400
349
536
394
48
684
650
528
677
677
493
426
366
20
528
240
76
38
119
576
131
344
661
179
650
21
252
221
319
350
6
474
209
236
92
278
286
359
536
631
222
326
20
237
92
443
334
184
522
419
442
341
272
481
335
76
634
116
501
678
617
340
184
609
327
442
281
564
296
319
167
673
345
640
22
335
26
586
656
269
551
370
709
612
574
661
527
645
52
708
681
337
567
661
90
704
286
111
410
487
492
389
662
295
487
575
454
220
484
72
207
396
36
556
93
24
459
80
209
397
600
285
504
498
701
541
430
464
60
75
53
18
602
316
258
334
409
25
709
334
111
232
311
646
69
569
132
704
565
14
20
446
217
605
352
342
12
639
696
325
64
569
446
188
207
365
441
492
716
649
521
57
279
606
543
502
49
67
194
92
692
470
304
191
280
716
144
233
571
156
235
617
502
373
422
406
632
717
185
46
491
676
305
399
461
483
387
504
490
235
332
436
504
469
565
127
691
254
598
717
621
102
610
512
9
111
640
546
472
629
251
440
57
704
565
412
153
185
660
80
500
613
156
42
616
181
70
644
354
455
66
300
38
202
642
142
642
478
453
692
358
537
421
558
635
396
589
529
220
337
461
713
430
618
422
54
66
543
421
490
165
594
627
191
466
542
222
346
282
9
342
662
34
47
180
101
653
433
188
545
322
289
505
444
693
151
14
96
716
405
499
65
610
707
93
346
195
100
71
550
569
254
43
288
345
206
309
60
613
292
592
269
214
466
65
509
582
191
398
118
493
197
229
18
531
414
310
501
380
235
590
134
386
679
316
268
537
117
531
651
383
564
145
493
143
698
340
301
386
323
601
100
603
474
614
700
293
649
495
710
464
555
650
508
177
431
500
655
78
127
356
281
318
207
624
378
183
348
567
651
8
333
45
605
660
684
618
503
516
392
59
648
353
49
279
65
279
640
331
714
357
445
575
705
545
153
246
359
274
270
447
682
260
77
498
567
117
230
522
282
338
337
464
142
267
122
154
308
528
510
70
224
299
603
111
574
54
597
379
343
204
605
174
517
190
85
660
619
154
280
261
505
687
83
27
288
544
670
311
587
643
50
141
195
646
629
272
324
382
645
355
221
170
210
589
457
338
234
576
34
157
202
143
466
679
553
472
108
605
500
14
322
209
606
421
421
536
158
74
376
311
308
363
602
458
40
318
435
99
278
341
651
271
238
639
404
422
232
510
671
279
343
517
350
650
553
679
519
232
431
174
152
543
387
79
527
252
376
182
135
706
291
525
592
678
161
420
637
255
21
386
345
678
689
346
283
38
12
439
39
476
212
582
246
508
40
370
1
146
582
72
391
468
658
241
290
659
131
16
245
337
489
546
188
402
310
672
476
363
79
24
72
327
182
116
577
421
436
675
473
194
248
269
187
553
244
599
290
583
690
472
319
368
9
81
293
152
299
191
713
173
686
294
669
484
126
141
609
662
438
132
84
103
212
464
463
234
339
696
300
378
691
231
381
519
521
95
446
669
481
97
625
317
420
117
561
226
63
602
498
582
427
16
706
550
381
484
680
655
194
54
78
420
411
423
65
614
341
132
167
576
288
624
53
111
218
632
498
599
426
716
489
359
336
706
696
191
659
154
51
584
205
693
346
14
707
249
58
453
81
95
249
145
386
359
543
572
478
178
526
150
54
112
254
20
197
645
397
17
495
512
362
689
388
118
581
456
381
587
309
496
2
11
720
410
343
510
464
48
332
351
247
659
292
220
340
359
314
76
6
247
150
564
548
93
528
312
677
36
666
379
151
613
310
306
206
387
571
272
101
653
273
12
564
531
309
40
537
474
679
268
674
288
110
141
221
606
581
508
677
590
338
197
122
234
216
132
556
423
553
402
663
83
402
139
154
413
368
438
624
128
550
181
641
384
672
708
78
232
183
567
702
609
483
253
291
350
15
331
432
228
463
139
179
219
267
340
45
113
281
285
121
682
698
517
543
584
243
99
555
602
664
7
608
237
238
564
671
414
165
244
630
49
49
371
324
299
141
274
374
631
565
309
337
310
411
12
469
621
314
673
654
289
244
371
449
476
270
485
667
172
607
674
393
491
225
526
509
36
437
492
410
539
500
591
92
401
640
571
245
536
333
689
471
253
371
168
592
273
213
356
471
350
125
494
118
336
485
151
177
546
560
469
262
603
51
375
439
298
551
378
300
223
518
715
110
540
669
681
68
141
549
111
70
239
646
519
419
552
109
454
378
498
403
487
583
275
384
309
348
254
267
331
670
467
606
572
639
656
547
369
635
565
179
12
37
188
718
40
495
68
354
351
244
13
113
496
74
580
323
361
368
333
594
201
158
6
608
279
380
552
517
581
203
288
579
328
444
358
10
504
465
709
66
706
485
9
607
292
430
288
309
15
40
172
23
302
3
21
445
402
46
226
405
615
140
137
507
75
604
147
429
265
40
332
431
258
147
649
293
209
553
179
66
700
39
74
400
280
345
417
453
262
681
500
542
626
239
319
427
129
357
27
204
71
100
504
190
613
294
154
15
272
381
458
575
585
374
316
450
45
525
594
568
89
179
119
623
294
649
52
232
642
398
667
317
184
168
22
611
37
459
427
204
537
57
486
618
393
212
498
55
232
710
241
683
448
419
227
468
164
422
525
286
701
666
429
29
625
531
564
338
243
145
331
201
39
227
86
641
397
584
274
594
218
225
124
98
39
254
167
353
23
496
367
151
607
376
403
112
134
466
712
256
5
665
311
408
475
694
252
376
385
578
222
554
333
96
701
496
528
313
382
403
544
633
386
574
70
662
301
700
602
158
466
371
489
572
328
589
636
601
241
280
132
260
683
595
21
526
683
620
37
338
286
76
703
121
666
192
534
547
477
581
646
387
235
653
330
594
680
195
617
712
209
713
573
619
598
420
660
172
399
278
678
385
184
138
547
589
497
369
570
678
306
234
560
276
38
446
634
100
7
573
411
679
445
184
194
244
237
345
159
417
196
698
641
704
379
111
480
62
512
542
268
203
0
360
454
49
345
339
530
104
680
491
332
67
455
641
366
618
357
541
679
525
215
313
435
581
391
381
687
637
268
248
570
570
126
215
655
485
555
493
81
201
394
230
114
330
440
214
282
378
490
507
256
507
2
93
479
51
609
351
243
618
471
272
179
426
621
32
660
444
572
567
376
48
587
278
51
594
406
260
18
433
34
675
83
293
92
281
5
622
173
285
444
53
199
44
63
584
10
527
334
43
450
24
360
609
547
561
598
308
204
130
282
445
9
44
208
480
144
691
73
632
717
364
317
3
689
209
28
140
272
488
673
609
597
338
280
170
676
323
152
450
152
444
698
446
379
167
120
127
363
316
26
157
368
375
563
209
142
514
698
479
48
82
569
409
566
189
81
187
549
232
436
32
244
692
334
680
447
89
514
34
641
353
216
449
655
174
127
604
302
639
455
121
229
147
137
444
564
114
64
75
626
76
594
689
76
133
107
607
325
188
150
358
614
113
134
264
278
488
438
118
598
432
40
691
440
334
593
439
561
485
136
146
243
183
380
532
152
296
349
627
344
654
699
223
430
474
238
606
701
589
477
544
490
635
399
339
87
145
206
573
699
181
216
262
643
358
74
525
15
349
591
120
78
359
189
259
193
524
342
242
42
349
629
374
146
8
124
270
326
257
675
682
569
515
529
604
282
186
509
196
180
710
362
526
122
408
481
425
171
333
137
125
632
591
695
303
717
533
335
285
355
93
691
404
539
136
131
43
665
579
515
446
367
0
81
493
526
719
29
188
492
544
611
396
672
139
152
279
479
512
297
281
640
427
15
547
347
355
607
152
668
339
289
422
242
718
157
417
654
269
650
473
468
280
378
410
538
697
267
354
196
1
392
91
246
252
228
69
484
547
379
680
440
124
168
47
450
537
536
271
522
563
230
252
626
375
487
475
125
425
284
28
576
132
140
208
317
128
270
120
209
109
563
670
212
599
357
626
671
496
501
318
74
39
258
89
432
113
142
583
481
449
227
343
441
499
262
179
448
22
404
399
691
194
644
696
617
286
296
258
98
522
667
25
70
347
173
420
660
76
363
123
49
107
485
390
221
25
60
214
577
718
248
53
229
318
411
496
298
51
137
191
414
342
590
357
73
662
116
605
659
282
181
57
377
384
255
66
619
641
28
9
473
496
418
410
498
569
13
469
224
432
198
224
658
8
214
604
276
504
667
407
158
42
151
311
18
573
81
525
652
487
342
136
596
61
123
360
221
492
202
215
289
449
689
653
712
143
389
387
104
179
209
481
507
553
119
190
460
33
87
529
593
693
310
153
541
13
615
222
323
483
527
501
167
374
332
597
679
134
135
130
116
388
125
227
446
683
610
485
452
359
200
312
423
427
628
571
190
719
480
357
606
202
68
651
410
407
556
622
535
300
160
606
517
600
534
61
528
603
247
544
482
130
597
485
567
245
375
91
635
635
566
81
228
114
322
676
473
194
150
151
312
285
161
539
555
181
162
515
404
467
434
96
384
357
289
420
532
281
679
205
91
160
147
581
515
83
542
305
695
179
100
447
494
294
514
400
405
625
582
626
344
265
471
536
449
27
25
414
297
684
571
534
563
6
448
116
160
720
199
564
179
564
382
560
308
443
280
193
114
297
195
568
600
216
466
449
66
0
69
183
79
497
355
211
299
256
530
44
134
522
327
137
158
584
100
26
504
428
67
250
483
400
133
145
405
583
163
452
717
565
678
182
678
152
230
434
162
182
313
107
428
188
628
661
119
208
147
622
151
361
589
212
506
536
119
363
70
68
717
166
687
512
92
209
681
28
441
671
574
99
292
707
185
116
186
154
348
624
14
200
200
312
542
535
560
622
102
420
53
546
506
374
124
441
489
647
592
256
85
658
276
250
39
191
674
172
66
489
124
83
243
520
470
460
240
476
91
544
38
48
411
286
3
203
466
93
715
327
135
700
133
611
657
26
528
86
357
371
259
655
718
235
169
666
571
251
662
414
715
137
371
557
693
463
434
223
607
133
510
140
364
150
362
505
326
608
415
407
466
299
252
86
418
432
355
171
149
3
388
708
100
186
56
286
171
201
248
194
329
484
24
408
13
149
273
42
614
275
462
452
514
190
26
48
238
286
639
112
583
597
275
78
514
718
521
444
66
152
611
245
490
588
160
13
593
585
292
77
604
509
596
442
273
598
461
208
511
175
708
155
683
694
268
383
659
27
56
200
468
36
298
327
522
502
323
676
305
607
598
174
17
468
441
504
707
707
401
168
298
263
290
259
320
261
117
531
460
649
29
660
410
480
300
517
707
119
709
543
672
497
255
368
266
274
117
349
502
242
412
684
259
91
96
1
142
660
216
194
91
229
8
353
290
161
354
283
162
357
661
417
470
498
710
547
277
297
584
558
695
142
68
442
446
570
550
125
477
134
242
462
712
125
437
206
98
56
623
638
174
411
31
18
483
501
680
683
137
409
409
317
604
644
697
78
39
295
56
258
48
389
370
606
510
7
338
242
133
185
469
629
587
557
626
568
634
369
582
379
20
313
700
338
166
543
660
386
592
675
676
3
613
364
669
284
356
169
539
494
297
123
372
75
523
423
531
549
313
648
517
503
581
675
654
350
671
54
561
185
439
617
562
407
230
537
471
495
714
261
710
646
428
597
260
447
702
87
29
517
344
296
330
475
333
596
335
681
525
438
242
20
73
458
97
131
260
714
677
431
90
375
391
317
399
428
385
446
416
502
535
222
181
71
276
237
331
21
583
408
538
633
437
270
253
325
344
54
400
143
162
361
281
363
260
119
433
267
306
161
307
483
706
334
703
43
29
191
142
181
312
521
138
437
40
141
715
250
578
609
282
99
228
490
172
375
447
131
163
459
6
596
560
418
717
422
196
466
192
59
606
153
253
452
689
274
212
312
552
365
590
453
548
5
314
464
577
145
578
467
166
298
535
133
298
59
187
601
719
0
479
305
693
318
645
75
452
476
390
83
427
292
545
72
474
552
170
623
641
710
355
594
311
162
421
57
552
4
635
70
191
540
257
297
430
392
511
419
187
399
380
560
136
45
532
712
627
83
364
269
584
381
404
464
9
358
580
424
126
717
600
382
395
698
261
513
448
471
117
258
231
495
112
423
428
102
363
369
205
374
714
364
450
642
101
552
513
289
528
318
575
36
709
563
640
266
343
644
14
169
521
82
287
437
242
441
686
62
162
371
710
22
593
109
79
628
447
475
657
168
380
634
39
432
225
403
528
458
184
573
387
32
15
305
28
108
662
63
86
122
484
80
270
312
33
48
113
54
611
196
108
563
248
110
359
616
300
589
391
355
289
390
153
233
472
41
172
362
602
644
30
591
240
340
155
565
348
346
601
559
630
183
42
471
204
223
29
161
411
586
686
609
551
315
564
152
211
484
254
517
316
156
357
308
594
540
349
254
594
122
529
665
58
486
270
517
555
520
293
435
232
78
649
272
131
455
173
82
635
195
236
465
642
387
313
607
172
330
395
449
65
471
230
638
674
182
391
296
716
531
70
648
316
171
2
255
500
629
506
249
488
154
319
453
567
389
639
297
209
188
672
118
120
64
254
154
223
156
437
681
713
576
640
640
12
160
366
633
358
512
4
462
57
480
52
606
459
582
5
82
523
204
455
177
564
397
110
709
28
449
192
17
5
327
462
277
562
401
624
544
276
284
487
720
646
272
381
45
203
573
305
625
66
39
548
207
704
697
376
447
135
214
434
667
366
621
597
689
116
150
437
66
629
106
250
21
379
46
394
271
678
172
603
315
21
54
433
104
567
18
111
314
93
606
670
224
488
82
681
289
33
372
114
273
206
189
539
459
171
65
637
469
197
694
482
438
499
621
613
301
680
98
704
93
705
558
360
286
287
132
117
416
325
142
306
173
329
206
325
678
567
626
522
444
389
696
662
682
691
658
319
561
274
206
116
197
374
455
605
9
209
20
545
55
272
663
169
257
60
363
231
203
709
123
473
597
455
269
716
368
585
350
241
149
374
169
343
719
489
371
243
86
388
25
315
377
185
480
413
718
330
543
63
689
684
179
517
87
711
254
80
263
357
459
31
366
158
542
716
591
652
175
605
299
310
121
173
620
144
509
213
168
227
561
83
62
507
338
138
629
448
624
294
141
690
72
415
333
450
228
515
604
180
422
592
452
709
34
360
277
42
266
598
171
472
349
131
645
372
274
104
364
515
686
467
75
282
464
559
155
276
436
402
609
671
329
119
100
235
344
474
559
358
562
180
224
611
163
369
126
151
3
381
164
29
336
663
109
361
715
304
619
311
224
309
517
92
602
581
137
142
169
612
623
252
603
449
621
104
297
346
640
101
536
577
303
232
25
80
408
523
44
202
400
313
382
345
645
250
620
708
525
41
261
310
78
687
500
144
115
116
299
554
704
153
398
33
694
409
411
617
682
67
394
239
616
644
280
143
545
159
256
88
246
45
38
263
362
98
504
453
707
81
670
522
283
298
711
519
646
133
142
100
406
395
46
272
680
252
357
536
315
353
644
407
351
282
526
171
448
685
479
5
655
395
135
331
181
142
24
34
525
635
576
319
531
28
198
410
516
249
645
535
490
2
116
716
356
393
228
611
144
466
586
620
520
512
629
505
84
99
612
373
8
453
678
45
581
607
466
551
645
532
494
216
533
517
259
445
395
415
205
65
510
172
45
414
20
645
42
287
76
224
515
559
606
340
665
70
469
582
106
413
693
270
307
315
342
183
714
316
579
438
322
541
382
623
576
605
400
254
53
401
481
94
532
142
365
534
143
449
348
559
704
41
486
129
336
199
468
82
632
346
145
22
62
302
270
162
277
577
622
458
231
446
615
473
545
290
329
160
225
53
176
327
341
80
43
272
496
60
26
118
359
435
208
25
333
216
278
692
235
466
25
688
672
315
380
352
632
284
672
298
274
447
214
540
595
249
668
273
511
316
453
584
568
666
215
59
90
484
398
366
403
609
420
16
578
631
240
23
376
165
179
108
334
77
123
24
247
145
522
123
502
219
413
243
316
43
690
220
495
271
219
681
432
332
171
361
387
369
195
271
685
289
502
696
134
710
20
176
444
599
511
659
476
621
60
535
236
381
682
234
146
618
63
280
630
98
522
267
706
478
301
716
584
444
12
587
389
56
288
539
480
270
214
618
605
201
519
124
470
30
405
570
647
518
207
629
662
198
424
389
206
137
68
704
627
68
456
345
56
695
69
20
39
540
584
666
253
241
235
336
469
668
390
151
433
211
401
615
194
664
438
528
61
584
489
581
15
639
213
698
371
339
545
156
667
412
308
383
694
289
357
510
96
287
584
636
151
233
335
67
380
477
351
138
652
582
588
120
414
376
360
259
562
403
434
193
303
202
494
519
453
16
716
374
551
146
154
594
444
46
230
41
248
342
68
248
470
360
470
516
325
168
281
399
559
327
154
299
709
456
118
412
690
292
712
569
98
528
308
15
496
629
545
677
61
224
456
309
237
525
129
73
381
705
375
376
644
243
160
510
208
606
176
390
226
431
121
347
62
144
652
619
195
103
316
459
315
372
688
685
562
625
647
221
293
274
273
119
456
601
291
83
653
259
386
307
326
549
688
470
204
625
181
336
679
446
261
679
355
281
417
77
324
505
668
620
677
184
52
387
531
627
501
282
23
477
139
211
346
618
560
662
403
563
551
337
250
516
499
393
226
43
247
308
595
412
12
256
208
33
614
554
1
67
220
326
509
506
225
96
596
588
147
183
267
500
663
552
34
233
148
46
557
680
14
355
384
22
148
223
587
497
412
28
42
666
443
642
252
159
273
133
343
10
254
162
146
695
159
363
712
56
69
95
390
168
610
249
424
220
616
182
417
179
413
91
563
646
625
469
156
526
503
201
190
367
552
190
127
11
581
629
283
694
313
129
546
344
321
71
557
605
581
432
248
204
509
502
116
146
361
574
588
409
387
128
459
311
409
707
581
635
246
104
679
193
208
39
655
32
569
451
226
259
313
214
272
186
24
81
697
700
689
0
399
456
640
81
159
167
499
5
27
478
540
116
76
413
194
379
45
384
657
130
53
391
240
377
292
272
200
93
628
168
489
155
228
344
207
6
143
669
247
362
401
88
264
345
77
683
182
218
660
564
674
485
621
110
628
44
541
642
412
75
264
472
655
155
321
106
376
332
645
591
155
275
586
443
111
359
576
284
39
165
260
451
327
183
57
444
543
607
590
188
96
321
442
28
526
25
281
83
522
67
232
606
265
633
298
663
525
455
104
81
534
185
455
206
44
25
284
277
247
538
516
244
216
528
262
522
633
356
135
228
82
0
41
168
96
548
424
371
205
660
2
636
338
153
506
683
423
528
170
199
587
443
653
272
364
605
138
337
353
1
467
496
20
50
45
370
598
74
163
484
688
623
170
375
622
479
618
12
370
88
414
145
394
437
50
101
691
247
385
18
226
16
519
33
36
692
111
321
518
180
185
634
575
513
370
403
143
507
500
466
200
194
352
611
589
255
645
617
309
435
359
706
81
309
18
254
331
643
54
497
673
532
121
359
491
168
376
363
562
216
470
291
133
215
586
26
6
186
121
29
355
446
235
98
261
522
104
26
45
529
305
444
585
679
132
353
602
252
31
535
0
71
44
616
184
327
661
75
354
98
638
571
293
312
385
228
673
11
325
681
66
127
51
194
247
182
459
544
299
366
505
518
575
119
394
181
92
713
595
405
489
660
486
293
125
252
235
80
222
418
421
163
122
622
122
40
618
172
22
665
709
632
330
58
313
208
598
286
208
265
316
310
5
117
184
52
664
93
22
403
84
46
466
282
448
520
173
100
673
378
405
684
466
437
96
536
73
265
456
227
449
324
183
521
623
117
659
229
709
71
159
615
371
316
356
607
394
564
663
85
697
393
179
526
67
253
367
362
472
314
89
611
74
257
31
135
123
449
447
132
62
132
515
156
78
719
270
90
33
112
89
413
333
459
532
79
554
5
196
720
492
22
484
192
205
587
689
619
388
262
155
358
561
456
191
149
252
473
40
355
450
205
161
110
509
481
168
251
492
33
583
694
410
389
23
695
466
89
635
504
332
364
679
183
16
705
633
23
268
572
526
505
81
190
575
250
27
484
126
628
104
711
148
673
378
642
617
418
414
570
487
114
231
190
393
321
263
104
119
261
442
97
132
568
215
15
619
497
92
84
163
199
532
472
643
285
250
639
566
505
371
152
305
9
58
718
385
228
660
519
277
312
463
597
51
683
693
543
68
421
499
198
370
687
384
573
253
97
151
33
379
379
710
13
410
708
429
465
641
326
411
588
267
163
15
26
138
254
634
584
647
378
467
422
531
525
584
635
539
395
72
632
630
462
457
500
250
652
244
452
85
698
632
591
477
355
151
311
426
577
379
208
293
523
574
660
123
551
471
400
203
250
536
236
97
507
277
616
657
271
371
570
76
12
567
42
542
664
666
61
434
147
653
294
308
310
689
398
689
201
43
132
398
127
563
606
457
563
47
532
634
54
549
442
363
40
529
31
136
201
69
124
248
345
109
424
290
470
293
335
418
644
271
257
100
37
487
629
197
471
494
165
210
300
36
47
326
352
60
575
2
564
678
596
531
679
209
176
503
580
720
24
547
303
686
235
433
156
175
629
24
222
427
414
301
466
444
548
652
290
330
598
240
627
702
342
349
53
277
552
338
423
379
308
410
100
530
338
553
412
364
552
533
675
633
475
544
87
21
589
558
339
535
103
564
511
292
119
430
177
639
260
50
696
95
72
292
359
446
451
201
136
80
493
65
580
715
102
462
433
389
127
157
38
709
90
493
90
694
4
607
699
460
393
30
288
375
299
374
509
213
279
183
238
518
180
591
698
375
550
242
229
609
569
315
403
253
477
618
538
194
498
156
224
437
288
581
548
594
29
584
652
423
588
325
559
562
487
501
278
683
448
548
130
382
214
567
120
342
214
85
45
622
618
199
15
347
585
689
668
133
391
550
472
310
718
634
650
146
231
333
685
281
514
686
307
433
115
717
226
92
56
376
269
233
453
311
507
385
356
22
683
653
324
579
298
645
680
192
564
379
454
298
92
428
583
152
165
405
206
101
265
472
495
16
121
14
709
142
580
263
77
90
420
29
110
682
286
174
396
656
471
414
567
241
480
706
135
456
71
615
266
589
33
440
133
470
86
287
135
46
4
592
372
501
243
146
170
24
2
387
376
384
452
231
206
375
136
69
403
296
29
156
444
350
188
471
22
539
287
693
555
679
577
379
28
655
640
434
568
457
458
360
198
110
677
397
275
613
523
709
480
520
513
508
58
427
207
90
361
123
674
101
539
498
362
584
487
258
361
269
63
210
506
140
433
283
534
92
229
230
30
207
346
185
207
500
503
75
215
309
600
494
229
611
222
7
381
602
362
6
9
592
261
189
380
322
466
170
167
161
674
610
332
612
121
640
374
552
148
512
106
6
193
116
511
659
433
81
556
502
135
143
341
29
378
295
422
131
146
470
279
531
530
327
91
34
412
93
30
147
670
556
131
0
90
288
378
638
511
225
344
427
415
120
632
483
37
640
67
133
195
561
296
317
463
230
604
288
312
142
157
314
706
188
517
355
272
386
85
75
575
66
121
257
506
645
27
74
20
530
169
403
668
432
91
666
449
159
507
240
411
301
138
392
271
57
101
454
662
581
346
95
5
216
479
526
314
590
141
351
595
78
530
279
604
355
215
346
45
491
412
30
354
605
19
270
316
587
88
574
286
55
198
184
707
598
329
42
227
580
517
451
554
627
134
698
287
499
82
220
414
197
702
564
544
32
642
464
84
507
317
201
622
152
319
118
650
222
17
323
571
495
62
246
621
455
468
561
258
307
54
133
306
498
15
281
16
682
252
230
641
312
558
201
679
699
492
163
66
128
55
266
202
422
336
273
331
228
191
86
675
560
409
390
154
684
288
536
88
607
475
570
211
281
66
226
623
140
611
640
327
206
578
116
720
277
675
505
26
53
142
465
305
294
226
709
196
41
346
438
632
103
520
681
106
0
57
352
16
112
618
400
710
11
613
628
659
362
466
400
252
227
693
384
363
660
28
583
137
89
691
595
362
430
381
473
18
266
206
287
400
214
66
192
659
174
486
394
658
640
220
541
153
79
652
477
611
453
655
228
139
514
1
270
638
141
167
461
102
62
94
599
349
711
265
453
532
356
679
50
427
541
118
703
249
120
330
591
608
135
26
498
268
63
535
577
553
182
459
64
565
411
303
445
702
605
154
33
563
452
214
19
577
324
94
650
400
556
309
184
483
601
319
110
0
414
519
259
679
440
616
299
64
331
422
420
403
716
697
140
318
612
626
160
189
326
144
210
440
671
219
191
628
34
324
456
23
278
84
118
221
575
699
71
96
607
557
516
530
636
258
44
700
212
399
319
38
399
130
316
149
603
110
673
618
302
414
519
221
92
458
74
209
590
324
385
44
568
20
547
41
709
78
661
634
311
189
136
497
715
104
303
440
641
328
230
228
708
562
694
263
553
42
615
613
658
153
692
199
64
18
445
86
44
609
490
207
592
81
433
263
531
12
297
423
362
8
656
197
101
356
521
503
285
554
219
83
87
266
145
271
596
311
104
217
571
329
416
207
529
453
73
641
155
593
253
496
166
468
554
703
90
189
178
336
127
122
55
398
143
609
185
123
305
463
465
518
104
29
440
673
358
105
591
91
122
507
719
17
118
638
102
412
16
423
121
267
605
566
696
47
381
28
586
352
96
393
441
540
702
200
226
405
39
557
401
585
552
504
262
312
24
661
235
59
472
183
233
498
703
357
76
421
183
213
389
703
426
175
646
349
76
562
392
91
8
356
273
214
258
709
261
570
135
404
119
617
684
185
157
613
157
112
692
39
577
453
645
148
178
249
353
193
494
344
614
373
233
287
554
359
570
319
126
5
230
73
157
188
314
210
27
171
546
175
525
285
386
279
348
396
567
501
700
259
632
322
456
222
545
337
227
11
189
535
54
118
204
527
481
130
258
70
142
30
342
269
169
410
107
376
400
203
73
594
491
710
582
582
355
452
425
211
68
358
171
7
429
499
432
410
575
472
145
108
255
286
126
450
120
472
480
609
334
193
150
685
6
276
14
527
612
373
52
321
127
281
195
276
11
580
670
544
213
595
472
202
79
611
89
306
664
98
688
120
510
617
69
51
459
130
75
154
469
92
78
673
94
606
82
242
441
475
665
703
90
100
601
644
601
522
9
58
62
154
67
290
488
425
430
248
688
387
702
183
471
374
168
136
319
409
33
63
394
318
664
423
143
70
364
318
670
673
468
152
517
128
596
240
13
259
469
685
585
47
550
109
686
627
13
604
296
71
719
401
619
450
209
550
607
350
376
372
601
670
40
71
449
100
196
47
692
695
243
317
363
220
161
195
67
139
34
299
319
354
494
717
70
18
37
494
208
189
184
356
383
476
273
198
223
500
139
596
585
74
170
613
294
54
416
22
136
273
559
22
327
447
272
524
524
648
304
654
204
517
110
445
307
626
328
95
211
96
691
329
385
473
340
412
621
11
606
211
143
198
333
592
663
580
262
696
355
677
624
646
68
212
24
403
142
526
101
602
687
511
637
383
589
0
7
643
604
650
535
519
8
235
93
63
84
401
476
712
496
611
425
230
474
285
326
547
540
476
111
638
476
584
340
435
152
168
326
27
231
201
524
264
118
689
594
172
369
357
552
204
149
154
295
592
248
487
306
693
599
719
612
77
419
709
545
390
596
474
37
599
54
8
11
404
141
80
500
398
123
456
53
387
606
505
585
373
462
463
597
188
633
173
410
12
433
123
399
205
89
675
335
518
417
702
447
345
541
346
184
359
223
376
529
536
356
219
371
594
89
513
20
3
300
211
677
581
302
552
160
195
220
445
143
173
620
485
448
203
610
161
432
479
707
586
456
41
641
450
548
227
231
78
621
473
352
448
545
521
250
82
301
590
268
554
585
374
501
320
497
443
676
511
522
507
564
43
331
307
405
536
51
125
651
92
319
211
603
438
23
369
636
300
155
11
99
690
136
478
617
631
296
57
473
668
250
159
277
273
684
356
502
686
427
685
495
379
96
12
112
359
107
702
155
495
405
686
391
277
624
683
717
343
57
227
204
525
106
522
686
670
190
258
463
714
418
645
234
574
406
392
46
474
250
44
664
340
567
591
630
162
348
33
478
510
631
712
564
74
636
638
92
240
190
599
69
491
90
187
689
13
147
276
493
517
214
465
593
642
415
48
148
144
26
2
563
696
329
379
551
467
457
584
571
46
80
307
656
632
21
578
425
368
237
439
530
50
381
600
443
414
485
453
387
586
21
38
499
134
672
311
316
18
676
337
31
710
594
97
619
414
531
410
470
680
414
127
112
639
71
523
275
167
92
255
510
281
365
342
502
455
244
14
160
460
474
502
707
424
709
121
168
154
611
469
605
687
445
458
126
581
616
8
0
719
611
145
58
583
585
186
436
543
180
111
43
24
162
580
184
16
533
240
371
51
161
538
240
385
522
529
406
554
655
681
407
356
97
560
139
647
259
453
92
434
102
266
450
88
475
121
34
235
367
610
579
641
529
4
307
194
651
643
130
10
620
446
174
533
190
266
148
253
425
70
457
508
277
167
522
657
223
389
383
82
136
410
342
718
66
679
582
340
296
625
557
653
143
99
567
666
271
655
249
453
592
307
398
519
251
109
437
362
697
619
530
690
134
657
578
433
383
380
677
78
649
699
362
81
292
463
570
60
597
39
312
248
545
430
414
648
436
520
353
485
221
546
51
586
471
529
332
230
171
286
395
655
405
679
108
272
155
434
502
325
297
453
36
389
112
622
706
200
389
259
529
133
81
689
326
558
469
257
28
572
304
180
541
365
387
294
597
612
612
506
553
112
684
579
635
209
189
478
239
481
71
135
258
86
440
707
251
513
629
86
223
1
67
12
206
312
14
306
188
208
568
605
399
440
27
691
167
118
501
86
632
249
268
549
134
167
514
678
452
40
468
204
501
651
160
261
464
669
406
78
131
427
274
459
261
16
10
295
46
347
569
541
625
420
80
538
640
595
147
413
333
456
428
712
149
509
10
86
391
599
653
7
345
381
496
575
435
625
481
645
449
437
248
654
488
258
205
707
688
587
342
374
181
406
396
210
305
646
153
584
329
609
165
41
232
308
531
414
707
104
631
204
107
433
68
533
320
273
638
384
57
154
350
702
101
294
165
720
684
702
442
464
645
299
694
625
629
179
562
609
615
90
13
219
593
206
342
26
54
8
356
606
360
444
511
578
310
223
386
140
554
514
209
684
41
172
389
91
310
430
334
214
634
512
326
351
381
512
573
130
292
654
133
409
132
132
644
11
394
512
485
150
338
686
562
363
634
195
462
56
545
69
55
501
218
218
228
21
105
474
96
351
214
556
680
133
685
685
119
472
599
165
586
172
636
693
264
319
144
329
360
563
148
130
477
290
499
358
594
693
10
565
42
277
244
38
635
385
268
572
103
487
654
451
713
704
159
550
121
558
21
330
178
567
144
467
382
371
457
327
183
395
85
78
286
335
694
310
181
134
396
304
7
227
43
34
682
353
247
269
468
109
365
313
660
411
359
566
380
524
710
642
468
170
599
308
462
219
362
157
225
341
467
354
129
711
480
615
578
170
184
211
270
389
319
127
131
53
420
92
532
437
289
506
550
709
150
170
170
379
32
550
379
39
402
399
283
247
644
645
622
256
401
276
704
292
606
296
719
17
484
679
90
249
212
401
31
72
385
155
509
332
224
325
33
94
180
629
518
530
202
717
680
53
287
381
615
662
165
22
143
639
495
361
575
665
229
175
44
75
295
578
432
700
456
228
200
89
444
28
646
161
546
26
542
282
272
514
202
513
661
711
428
1
6
675
640
594
282
402
184
188
171
244
70
640
346
117
480
609
505
311
297
268
133
291
286
296
202
112
388
612
283
629
629
133
426
605
185
545
416
72
434
278
449
517
686
185
560
13
389
254
528
324
205
522
628
251
638
620
276
651
44
467
494
640
69
131
501
576
159
212
190
371
36
638
633
240
582
467
567
674
569
566
450
188
605
324
493
378
444
275
505
142
111
190
587
500
54
206
568
624
454
20
662
498
371
421
681
34
509
304
30
262
634
75
131
205
650
25
235
285
661
155
402
693
652
488
715
417
220
589
66
1
405
555
707
493
251
206
502
648
587
106
110
429
29
272
587
356
66
554
440
360
192
625
481
703
283
540
203
546
507
398
370
348
73
606
565
99
445
163
407
98
226
188
427
350
418
299
478
426
564
113
91
372
41
139
312
241
186
36
403
622
153
663
354
49
230
328
396
136
27
54
363
270
543
598
208
230
267
315
85
671
380
535
112
674
690
262
385
111
91
248
280
497
636
55
277
253
350
223
117
653
391
401
161
245
549
498
265
324
444
232
701
451
282
476
171
393
403
94
120
410
44
714
381
573
417
663
128
12
355
23
98
717
361
280
34
344
583
681
174
545
384
385
294
350
641
397
4
347
673
58
35
263
299
174
658
302
8
333
516
120
121
626
458
113
354
659
699
683
465
588
318
513
247
317
349
52
353
428
664
131
617
542
70
157
98
381
457
324
453
386
71
575
138
296
709
664
711
55
269
173
546
232
248
121
15
279
645
222
473
173
578
206
587
136
137
157
110
616
58
425
53
609
193
582
406
464
402
112
671
63
303
676
74
615
404
384
383
161
110
184
250
307
82
355
205
3
613
54
631
188
431
85
644
306
431
599
69
95
717
128
490
232
453
498
273
51
114
553
140
143
503
597
261
291
456
39
140
657
476
688
450
418
193
150
293
498
661
86
555
179
166
76
642
156
163
367
648
339
600
570
612
304
709
208
497
286
251
248
560
116
24
182
83
565
234
169
567
65
604
356
118
284
318
202
492
46
378
247
610
462
501
503
288
118
685
233
325
602
321
265
490
4
479
712
336
420
543
112
609
204
104
631
85
342
192
304
707
362
228
708
461
429
81
266
556
326
3
398
269
214
236
361
202
30
527
472
185
628
408
491
100
409
538
230
558
153
690
533
450
25
352
382
452
106
94
605
617
650
391
165
122
658
512
404
162
243
275
618
314
136
178
507
101
262
606
422
397
84
696
125
14
86
623
526
410
350
523
565
13
650
700
449
488
205
270
456
535
459
81
720
245
408
183
366
222
173
355
313
68
598
524
704
5
176
379
248
414
36
16
11
263
185
110
622
210
142
96
270
45
291
664
480
118
208
402
66
172
693
91
459
92
199
517
173
92
36
390
115
413
401
377
354
177
82
445
121
629
189
668
161
69
174
570
533
426
584
292
496
565
181
686
136
679
84
189
321
241
442
134
455
375
243
56
190
262
693
623
248
45
514
440
16
191
618
349
389
55
651
223
180
550
6
624
714
645
688
298
273
586
172
51
261
541
706
226
42
372
594
44
354
594
97
692
270
27
317
226
126
235
495
662
334
179
269
188
533
147
317
509
343
280
548
354
119
381
595
227
356
431
648
92
313
83
330
34
452
540
306
64
28
190
707
187
29
442
99
308
183
178
346
314
716
594
661
516
689
610
263
591
366
141
290
48
259
113
116
561
699
646
333
446
697
267
550
191
280
569
698
439
692
578
181
324
160
253
345
398
580
106
104
293
457
684
248
91
404
304
417
507
653
460
298
618
335
153
561
231
96
543
428
338
514
340
181
379
30
155
539
79
98
64
354
182
597
226
253
2
190
399
273
412
565
593
77
553
85
549
34
240
378
554
269
230
487
584
8
688
429
174
537
397
81
295
322
632
133
524
23
113
36
190
237
137
125
55
338
661
713
427
662
641
32
101
376
243
294
303
402
150
621
545
363
198
400
188
623
533
434
85
720
508
601
516
421
415
144
43
684
235
85
313
107
305
426
687
298
501
294
89
625
195
219
479
275
227
609
467
82
602
544
356
425
198
709
92
19
96
446
332
691
134
372
11
93
241
254
408
702
500
252
535
597
227
94
58
558
284
259
405
439
497
145
144
571
153
596
281
174
194
559
119
644
550
508
38
140
126
690
355
372
257
440
238
198
65
463
694
275
340
30
585
311
417
407
489
275
61
396
15
432
87
288
679
328
471
16
633
331
331
569
505
275
349
691
175
675
611
284
708
316
209
284
421
175
283
29
137
145
593
296
9
101
652
410
692
120
266
500
15
714
143
406
312
44
528
352
434
149
213
691
360
539
240
505
507
369
281
111
236
27
672
505
573
107
670
514
168
223
267
510
323
209
62
251
48
45
119
663
179
14
393
595
79
667
384
312
235
668
696
476
604
108
249
316
325
541
435
193
445
171
363
63
541
589
294
642
492
684
476
363
503
273
22
161
646
175
13
297
285
345
244
373
167
320
507
342
456
394
453
454
343
423
420
396
94
46
614
78
306
518
180
400
235
292
414
698
158
452
86
414
118
161
359
104
86
250
266
678
212
626
619
514
317
453
244
585
613
713
25
712
562
166
358
637
222
344
190
350
694
421
637
438
669
146
222
286
315
61
392
410
280
360
160
613
425
447
646
208
643
273
447
558
25
292
273
373
461
344
473
427
361
263
128
704
244
161
466
590
437
603
469
667
296
400
267
459
423
207
3
187
570
699
470
27
209
434
353
222
487
486
387
351
230
590
318
102
397
72
16
295
505
372
184
171
37
453
665
312
292
263
590
445
156
695
702
580
44
352
239
112
2
376
397
568
11
455
215
697
641
342
464
531
208
306
36
230
509
72
300
539
538
264
27
649
644
69
358
704
80
585
254
295
355
386
399
417
190
615
162
717
554
464
710
622
133
647
369
411
198
411
547
299
49
354
131
270
154
80
452
114
372
250
649
504
296
574
536
634
37
502
438
415
325
468
531
124
654
590
603
137
323
324
201
331
636
98
599
122
347
422
256
180
59
275
580
210
258
578
353
47
203
315
568
294
131
290
498
297
204
483
194
698
298
700
340
666
529
414
74
553
665
186
8
169
51
19
169
39
277
22
84
168
377
135
110
33
90
417
358
11
148
574
602
377
55
130
8
610
79
376
487
254
246
256
257
644
491
87
254
709
398
694
323
24
569
277
329
493
95
7
397
368
700
431
277
606
259
589
439
3
438
402
15
640
714
404
372
200
661
11
245
121
447
263
299
22
161
17
358
355
59
478
449
376
248
644
304
716
141
700
236
107
528
378
381
2
526
39
455
566
472
31
239
511
459
716
16
552
254
139
172
35
71
295
486
401
289
368
515
591
80
629
171
507
287
119
554
232
460
176
282
431
112
579
81
479
136
601
277
82
702
671
645
589
262
349
480
561
150
180
595
538
251
681
299
610
306
350
685
579
480
72
603
26
198
504
630
697
57
488
158
159
371
491
420
322
648
354
183
564
31
548
556
186
73
601
208
402
446
258
339
145
150
365
141
439
319
325
666
422
139
89
125
122
389
387
602
426
641
691
326
558
349
597
217
689
2
321
347
119
558
415
111
194
589
313
169
712
601
510
218
21
80
388
314
94
667
90
187
217
616
321
258
630
447
211
532
572
335
499
110
394
707
360
227
114
401
5
593
588
38
171
6
444
100
46
590
90
361
434
41
174
256
261
707
294
312
187
595
5
171
420
418
572
260
602
715
700
595
586
671
381
495
148
353
161
274
128
389
370
218
82
659
153
67
519
558
267
124
678
474
494
198
549
317
39
532
313
366
490
689
214
303
492
140
233
689
39
549
422
401
631
620
267
165
191
529
178
211
394
445
628
661
288
111
281
80
16
248
97
255
141
551
519
256
26
603
378
334
356
31
230
418
643
145
595
453
294
20
624
15
68
312
229
448
240
550
88
329
641
154
415
335
264
305
698
159
11
270
566
153
269
604
17
161
297
212
391
85
566
531
314
259
252
364
445
56
338
258
27
449
186
36
203
601
114
660
638
489
437
176
693
52
107
703
33
643
234
488
532
429
355
184
441
700
666
389
43
466
349
320
331
245
420
400
388
72
336
576
429
400
720
354
96
530
592
158
296
608
142
586
220
711
263
337
166
402
415
245
565
383
467
11
387
285
564
603
583
155
463
177
143
429
17
426
335
608
519
263
274
587
674
84
341
103
563
539
149
510
318
270
107
532
353
162
48
666
586
353
86
46
207
389
79
715
145
42
464
656
433
308
575
81
266
26
347
187
607
83
75
57
460
688
271
45
523
258
340
282
26
331
92
63
16
619
670
52
318
444
551
685
38
188
628
713
269
466
181
598
576
495
134
259
541
122
127
208
17
720
90
129
337
358
35
664
248
157
30
394
67
545
151
533
609
511
617
258
533
554
545
426
699
455
499
554
527
619
406
219
587
287
679
321
502
691
332
90
296
70
135
512
704
641
323
167
206
169
467
277
395
322
196
337
243
395
222
426
543
357
235
629
140
660
129
494
237
171
634
162
510
112
268
116
545
336
547
304
448
449
529
222
284
456
707
397
628
290
337
625
327
117
86
565
220
710
253
165
172
446
437
78
31
284
273
500
174
45
505
247
9
89
169
641
464
130
545
450
177
100
110
153
25
609
310
340
690
189
165
138
1
363
451
468
208
179
157
223
374
659
363
469
400
479
277
464
699
406
431
437
149
641
449
273
450
146
281
215
652
15
40
401
39
373
489
588
100
163
92
275
427
575
34
316
173
601
131
433
152
436
559
495
190
48
312
688
317
489
407
41
130
86
480
97
715
220
426
120
653
449
289
709
58
314
464
441
182
120
106
537
455
397
670
51
156
172
70
28
112
176
30
468
649
666
576
688
409
185
404
76
430
593
289
674
597
487
183
300
685
670
573
392
186
518
159
715
176
403
616
452
232
159
377
352
268
456
632
511
468
689
573
277
533
703
351
23
497
661
365
652
301
346
400
516
580
621
428
477
720
544
25
523
422
326
623
113
429
8
381
128
67
591
644
426
102
196
326
209
300
459
476
69
343
503
191
426
568
76
585
510
398
239
241
709
41
58
681
128
161
556
206
351
373
648
475
173
249
396
354
467
285
548
315
264
499
125
688
164
597
355
489
334
73
499
590
214
182
160
156
471
114
94
572
256
35
68
544
350
477
437
674
622
194
188
376
515
568
405
216
561
306
464
424
98
109
280
673
327
353
164
554
342
130
364
661
244
82
13
550
67
77
610
578
636
72
637
656
288
466
380
592
224
423
35
17
308
424
237
639
482
678
544
322
437
125
323
542
630
219
447
696
526
531
468
397
359
401
643
165
124
259
685
122
303
271
516
115
461
643
531
532
133
409
678
469
194
673
428
99
26
602
328
277
19
562
311
13
231
331
17
638
460
229
383
507
20
537
453
613
639
399
580
191
63
235
185
552
272
229
572
545
400
32
244
709
386
402
666
541
75
35
371
269
162
625
119
97
664
254
665
698
14
187
464
611
453
436
642
535
332
563
697
305
561
216
665
602
273
81
509
638
388
258
529
267
697
436
505
234
5
336
284
627
555
591
459
78
389
195
696
139
328
378
440
312
197
452
706
436
163
189
143
345
238
676
412
624
573
179
662
640
269
212
112
138
298
295
381
571
481
477
55
677
41
533
376
412
251
49
640
83
392
556
468
337
556
483
697
555
625
478
457
348
374
470
548
646
224
244
441
664
38
449
397
28
454
582
309
345
219
515
28
406
501
272
687
482
655
509
315
712
517
419
153
380
251
640
359
625
658
157
401
323
246
473
613
599
84
235
279
382
696
128
691
524
428
254
49
558
27
184
497
503
589
400
204
375
470
320
52
48
355
187
307
696
224
235
602
110
36
352
338
561
546
636
584
39
540
154
109
548
551
0
562
322
17
322
624
76
12
647
169
269
67
128
674
143
204
303
244
228
70
359
427
293
20
81
410
474
704
118
475
694
189
524
276
373
631
649
174
681
533
192
381
33
89
350
356
78
216
712
415
78
127
493
396
350
173
122
25
453
525
486
122
452
614
282
620
204
185
199
402
713
264
689
243
697
423
470
310
273
4
663
25
80
443
605
36
700
184
43
625
471
428
158
529
525
260
656
107
125
39
610
57
175
591
89
448
347
396
239
715
147
77
22
521
528
51
646
571
700
444
482
4
57
642
410
505
710
139
7
279
375
366
351
503
472
488
261
697
331
400
311
203
650
474
36
496
539
462
502
372
13
52
264
320
429
479
212
222
186
285
538
107
125
662
37
130
535
270
5
717
248
279
512
424
162
190
99
545
454
70
504
657
491
664
33
128
606
455
438
82
179
668
552
430
95
40
712
13
648
695
107
713
554
513
349
2
591
50
85
389
136
711
144
340
557
432
627
341
133
277
707
257
578
720
375
147
629
445
627
458
656
633
184
419
399
253
85
489
611
210
377
16
332
16
714
186
141
525
58
259
298
479
152
530
647
215
262
405
366
211
492
244
539
42
403
132
54
428
606
253
600
452
136
695
223
212
698
164
286
493
73
383
489
585
459
331
6
234
532
250
582
112
238
534
70
249
366
510
242
680
642
387
652
430
58
551
392
156
334
309
596
485
1
617
182
42
242
502
556
466
134
534
58
130
388
185
96
565
268
676
219
697
273
679
395
212
128
524
616
140
196
575
482
86
41
546
168
380
187
151
627
369
155
591
31
417
160
127
717
716
177
360
122
373
519
191
344
575
298
143
36
262
284
86
383
630
308
164
66
377
314
102
72
176
300
213
182
235
516
498
192
510
119
288
190
566
93
40
9
550
690
113
568
137
402
464
253
613
539
91
463
468
371
261
239
245
668
66
276
21
620
533
226
249
618
133
601
535
453
204
100
682
551
227
467
700
414
329
181
613
282
289
437
399
402
92
689
718
246
147
43
22
180
654
172
438
518
590
354
43
651
469
21
70
304
357
185
612
644
245
153
567
48
52
102
621
307
398
181
92
516
492
207
257
83
701
528
485
97
422
468
164
477
378
536
543
419
623
163
679
296
552
710
656
160
700
437
502
111
665
501
203
601
319
251
481
287
22
618
50
378
155
653
95
191
206
684
271
473
528
198
392
255
541
498
200
668
622
520
568
717
105
161
623
180
543
467
604
285
645
312
305
660
575
228
517
306
509
509
431
603
594
282
460
260
568
49
334
115
37
69
520
13
206
30
238
85
356
643
629
418
681
81
649
226
133
220
454
49
159
176
430
26
15
132
482
558
114
484
96
87
581
49
609
322
295
353
33
187
670
514
363
469
32
549
56
81
153
590
440
660
364
613
432
689
197
345
715
247
99
21
494
279
494
209
583
395
500
377
38
677
437
389
637
128
694
162
695
687
268
12
717
525
169
154
457
198
301
15
230
356
137
180
105
112
322
359
367
283
92
512
686
403
658
571
99
45
306
658
316
365
317
123
351
43
278
469
102
323
230
213
25
255
163
294
575
6
328
530
137
244
694
237
518
258
208
383
642
490
72
163
22
246
651
348
167
547
214
434
158
323
591
324
225
304
99
315
69
480
383
708
613
18
426
67
616
562
8
159
703
363
716
123
159
653
243
222
89
93
489
57
480
111
599
550
316
156
227
629
226
466
716
300
212
72
597
38
209
107
75
143
174
255
544
368
517
226
407
553
656
77
235
578
339
26
698
304
329
326
186
19
626
659
491
177
340
203
250
409
318
117
664
373
154
26
488
153
373
158
602
150
597
47
71
620
471
607
380
369
245
631
581
424
522
216
23
236
62
238
315
226
417
369
619
154
9
468
190
49
666
374
592
232
79
233
506
191
8
235
85
24
466
268
297
47
290
459
601
649
312
594
254
263
20
509
316
415
716
704
239
581
702
689
485
205
79
622
668
250
636
506
578
227
530
186
103
205
82
347
46
463
232
338
521
452
258
480
2
366
183
230
492
682
233
481
691
103
398
100
667
565
410
596
572
694
492
682
360
340
92
92
557
121
416
362
107
122
538
365
125
640
235
89
562
40
556
415
267
227
562
340
421
627
619
228
238
310
144
544
353
623
566
574
185
91
649
357
484
243
676
91
149
294
424
334
544
367
458
399
26
661
643
487
175
461
250
214
451
632
714
208
565
514
666
501
706
136
523
530
124
94
677
664
559
113
598
123
222
227
466
362
516
481
347
196
284
636
64
34
713
280
596
276
503
451
242
126
191
314
258
280
168
330
46
237
567
49
206
321
617
384
326
490
200
234
217
549
681
576
581
285
405
509
684
647
356
234
407
479
483
99
96
679
634
463
435
615
200
685
439
658
656
37
452
239
615
713
175
694
124
219
643
578
554
414
689
18
454
264
309
188
15
128
407
200
442
24
159
75
96
672
708
305
66
701
146
577
603
484
356
267
327
118
292
128
9
661
255
502
74
437
209
571
452
9
118
375
331
534
51
149
184
617
486
242
668
202
719
616
574
466
298
317
227
242
178
324
193
43
219
549
294
326
527
558
109
479
231
393
34
370
524
607
441
463
419
441
15
491
238
272
607
442
333
317
283
509
309
329
204
647
158
26
707
242
384
588
531
509
81
84
205
418
367
88
472
280
235
249
649
174
299
657
113
517
423
67
338
472
481
65
74
20
456
676
630
510
135
686
143
263
307
677
528
243
119
485
606
501
599
321
207
27
522
487
106
498
484
592
227
230
316
242
250
168
231
203
598
505
487
677
260
430
639
252
345
138
639
173
132
417
303
640
8
196
464
553
105
70
662
424
204
339
578
98
313
403
111
242
590
141
272
265
584
258
647
619
685
471
458
577
658
535
264
151
189
130
322
504
198
199
555
275
493
507
10
657
8
179
709
227
321
666
479
363
515
422
43
539
131
502
128
64
91
163
671
679
374
48
319
663
701
434
273
676
216
605
431
37
165
709
84
171
660
452
515
528
659
343
246
295
135
696
453
487
417
467
114
679
382
138
692
554
169
205
66
387
44
182
179
552
678
284
120
73
164
256
619
483
358
379
178
200
546
309
642
634
536
648
83
664
23
372
152
529
307
478
299
312
491
642
345
86
694
12
131
544
152
690
145
640
34
51
147
639
717
409
26
45
12
530
263
423
318
602
106
289
456
83
695
84
316
199
374
516
361
16
532
432
594
75
170
109
46
431
409
543
333
387
225
366
690
710
92
507
356
194
161
73
35
181
261
436
246
628
606
269
243
607
284
31
250
179
184
679
569
596
544
87
463
2
464
324
593
606
442
431
524
535
704
39
220
108
198
226
322
584
541
37
521
182
716
216
666
149
699
40
644
102
521
67
481
197
499
476
0
498
45
197
555
571
168
279
114
577
211
67
40
462
665
477
20
231
598
652
75
456
143
344
25
575
171
251
578
500
130
62
486
562
536
277
619
641
300
381
138
301
200
461
589
621
717
434
63
650
495
246
253
65
236
380
570
167
542
129
532
60
50
118
689
670
670
361
631
591
279
580
290
509
142
225
190
9
580
448
358
701
45
571
447
482
59
583
670
667
257
538
93
374
354
181
507
63
490
158
549
553
579
300
311
660
547
309
579
231
374
117
339
440
324
398
163
282
489
654
284
12
299
348
159
324
237
16
593
353
196
25
569
291
46
294
679
312
589
18
673
547
232
459
704
382
567
13
366
414
432
152
202
135
357
300
444
705
140
22
374
509
573
426
42
224
438
389
547
149
689
351
528
337
558
702
542
262
243
633
169
62
432
431
562
417
476
531
571
138
213
64
461
52
556
407
161
10
336
583
420
659
133
0
454
600
689
17
501
193
222
461
172
71
444
151
135
64
117
330
527
621
651
369
675
306
274
306
434
637
226
159
530
713
386
195
155
69
248
0
369
418
270
319
336
526
210
684
292
625
701
84
124
51
419
331
341
591
29
296
468
596
5
617
209
46
311
35
333
177
641
387
444
63
204
545
55
422
200
552
219
332
715
562
668
259
679
65
43
382
77
284
381
618
324
637
336
201
701
432
360
245
231
565
335
25
370
19
667
406
429
140
247
36
486
28
150
348
550
584
680
615
180
220
267
65
397
452
466
268
193
3
161
454
53
536
84
549
43
15
557
195
365
250
629
151
571
644
103
322
244
388
452
611
290
396
396
134
578
375
422
383
614
83
450
384
581
279
713
713
453
145
546
81
201
331
507
124
299
471
403
456
370
88
530
589
682
303
155
107
408
6
459
620
198
542
559
663
73
715
613
246
683
53
335
440
338
150
575
485
453
177
400
97
466
652
188
714
636
490
92
203
42
541
78
78
120
635
192
424
469
470
459
355
32
133
363
558
559
632
91
37
171
276
452
591
707
144
442
103
187
365
315
368
133
230
14
553
215
293
321
230
125
179
618
148
562
340
293
48
669
273
259
307
19
316
136
358
261
306
718
6
181
652
514
522
68
469
343
461
55
247
50
337
612
423
454
509
311
595
8
521
328
281
55
263
366
92
129
209
460
620
22
305
571
220
528
395
586
236
100
596
355
529
630
439
109
224
631
132
121
320
483
601
388
145
563
70
134
672
579
401
182
261
226
218
207
700
15
299
596
14
185
609
662
356
533
27
181
353
184
608
467
618
494
200
103
30
67
613
55
511
37
470
169
406
283
642
30
676
269
90
217
134
202
38
181
560
44
535
376
339
142
329
385
60
279
48
536
566
371
71
708
167
174
20
55
167
108
666
53
471
259
564
595
394
152
36
506
426
192
32
287
444
305
660
14
649
583
128
61
80
369
378
230
711
462
75
592
163
234
474
285
687
364
563
336
377
489
335
673
689
494
714
481
549
495
174
339
337
226
146
654
15
70
647
162
675
675
17
120
466
389
648
398
385
611
467
34
430
343
214
531
630
403
615
390
4
208
88
176
505
1
397
76
477
231
485
434
471
468
87
277
109
587
333
238
38
161
271
154
96
586
601
609
615
356
224
563
231
484
143
472
12
133
543
712
599
269
81
593
443
70
28
637
104
539
214
91
82
720
452
598
431
499
58
383
624
628
246
161
370
324
56
583
278
339
152
254
11
455
626
608
507
150
592
416
299
652
586
217
165
159
75
313
648
708
72
109
559
36
1
426
578
87
486
248
513
435
282
252
462
644
89
300
511
301
570
49
607
189
708
133
95
210
595
432
462
396
23
487
534
167
667
686
187
91
228
62
500
115
519
546
459
502
267
539
544
522
701
37
214
421
284
535
402
36
455
402
297
142
365
245
281
680
206
462
451
116
26
163
156
599
585
475
416
42
534
100
61
467
346
631
84
364
139
348
454
414
469
225
233
574
281
309
321
589
157
78
179
84
392
14
259
173
228
603
450
57
9
583
119
236
239
544
471
293
339
257
469
202
560
25
52
154
48
549
614
542
550
599
297
373
630
389
538
21
367
473
225
172
59
200
375
0
466
694
507
496
6
238
607
612
406
378
149
277
115
687
445
498
269
196
352
357
585
58
126
90
426
659
184
79
201
494
14
472
353
384
333
558
315
575
593
311
577
95
520
663
450
167
641
66
249
466
181
340
519
719
157
686
189
523
280
337
655
630
91
259
247
236
101
135
253
630
279
436
407
397
5
486
219
451
416
673
503
607
95
473
436
19
536
136
564
392
403
99
102
650
191
699
527
621
192
342
245
555
59
158
326
565
489
316
696
159
132
600
334
341
702
155
303
675
367
102
646
395
127
62
676
204
545
646
140
351
616
314
323
189
170
203
81
506
385
234
492
368
600
440
433
367
336
530
29
552
422
668
252
396
651
478
571
427
502
329
204
210
619
471
631
82
453
622
687
534
617
90
453
115
86
166
248
204
315
391
248
181
389
560
106
369
522
532
419
717
655
43
47
150
58
696
101
428
311
220
423
557
608
700
335
229
357
564
468
274
468
38
326
175
173
123
315
74
178
132
664
422
464
676
282
695
542
99
368
359
314
44
669
133
193
407
446
364
634
461
640
638
129
543
428
587
191
589
514
268
332
659
395
242
487
326
670
187
102
523
571
176
658
187
110
555
412
516
278
451
456
80
424
365
469
525
346
453
115
513
175
239
214
18
553
37
76
176
536
111
102
632
532
556
335
384
77
92
459
532
654
503
5
655
309
262
189
645
68
683
603
655
229
366
665
161
92
343
319
403
243
601
120
144
231
597
208
583
277
386
476
227
533
149
457
713
396
665
135
391
461
288
261
29
214
30
499
345
263
224
169
519
514
156
446
160
366
468
719
190
29
244
540
553
259
708
481
164
552
678
182
706
229
73
257
77
607
173
200
220
271
212
427
205
713
585
564
641
674
107
6
73
193
606
20
456
299
677
181
639
465
529
710
548
496
458
341
214
39
93
297
648
699
513
569
626
675
533
661
400
98
156
218
466
432
91
170
22
655
443
276
36
279
434
205
323
92
346
345
412
606
195
501
560
418
715
672
228
565
369
463
481
554
718
466
179
676
339
648
181
237
717
611
265
351
533
7
496
267
25
428
79
261
177
343
619
701
317
562
713
704
569
566
703
513
233
79
609
635
484
360
530
665
207
48
217
498
40
409
446
408
608
259
383
293
265
465
160
300
123
62
536
16
179
433
441
589
245
568
565
163
413
538
74
458
318
495
548
82
547
690
329
339
142
549
450
26
430
103
458
589
81
340
502
321
433
607
471
226
49
422
435
198
305
562
406
542
265
15
256
671
410
429
16
342
98
22
204
545
644
139
546
248
462
527
8
414
183
670
228
604
9
107
581
425
498
285
81
474
62
446
2
530
36
702
618
636
517
696
99
256
492
372
102
86
469
70
528
471
599
49
232
623
698
116
257
648
604
297
462
312
340
110
328
213
270
164
118
180
392
477
385
600
438
482
415
686
445
374
306
361
119
391
176
21
591
300
323
632
705
477
189
95
596
435
414
379
549
77
136
487
212
364
490
13
487
226
64
410
633
300
472
48
522
177
701
635
206
341
162
690
211
494
413
323
231
182
442
555
211
492
567
480
172
645
232
418
387
373
209
518
87
103
341
714
146
707
622
64
138
72
187
9
343
377
193
424
535
667
46
417
36
253
714
346
292
100
70
645
714
544
542
204
536
405
156
685
385
239
487
509
494
91
389
78
194
302
523
312
240
425
452
583
518
47
224
474
97
200
229
77
155
385
305
421
183
137
516
397
608
36
634
632
219
10
665
208
288
210
556
269
100
557
437
503
588
606
141
613
589
115
546
191
417
94
332
337
649
631
588
59
423
628
177
246
321
259
367
41
480
480
469
565
619
49
351
68
324
252
138
481
106
321
202
365
636
117
411
533
56
385
103
170
271
397
494
215
528
717
108
262
103
385
343
462
689
195
588
473
9
252
486
284
150
265
422
457
619
695
544
59
685
308
167
551
602
9
454
541
252
66
95
83
309
642
451
265
196
530
715
351
353
434
707
272
149
174
34
16
506
351
629
658
473
268
5
497
63
359
169
240
569
644
536
629
506
161
514
421
498
558
713
490
370
607
367
515
72
290
148
714
143
687
546
689
7
81
217
26
63
286
674
433
434
428
329
542
103
535
478
174
112
426
709
517
59
232
678
325
200
540
585
260
54
357
126
204
693
161
404
204
718
273
566
375
473
100
312
162
612
610
386
111
545
364
79
671
695
361
588
162
217
573
50
145
88
596
263
660
633
692
471
40
326
601
471
461
384
87
465
155
192
164
403
666
555
435
675
39
188
401
548
145
620
663
484
481
558
441
136
197
344
59
166
354
486
316
406
84
643
89
504
613
563
579
424
52
624
190
394
443
46
484
206
66
467
625
469
213
492
534
602
669
401
603
352
58
543
661
271
200
661
431
60
42
510
616
450
632
519
223
451
53
241
662
172
188
491
283
566
320
238
83
685
507
477
222
396
305
513
405
294
224
647
206
356
114
457
304
483
442
365
170
28
373
94
284
438
453
371
79
665
258
52
553
42
390
229
678
163
134
283
207
502
496
487
644
39
521
569
46
89
12
81
220
550
57
190
408
559
636
413
285
164
165
428
180
430
63
272
490
555
566
3
578
68
586
591
345
379
202
481
381
525
322
212
473
682
584
170
473
605
123
505
477
614
556
578
288
174
311
615
74
604
689
716
705
151
126
688
16
133
188
148
328
191
341
143
576
696
158
689
490
520
432
122
344
586
327
425
89
12
95
372
651
561
188
620
273
495
716
657
561
569
59
188
409
706
369
594
182
99
663
352
268
239
593
409
49
645
692
613
628
45
554
629
447
273
563
174
154
85
656
712
119
227
624
675
280
222
707
670
62
614
239
102
173
233
81
511
74
152
567
241
443
171
619
562
22
26
272
700
5
391
581
389
300
379
307
619
432
8
4
171
350
272
133
110
86
543
163
712
580
180
557
257
528
95
521
157
75
195
583
661
293
471
266
437
261
383
296
82
674
496
177
341
157
354
39
549
205
661
640
272
620
76
663
73
622
83
99
704
253
644
457
328
74
180
62
11
653
590
618
12
707
303
292
327
13
507
340
286
371
641
284
601
188
326
455
25
550
339
258
161
598
595
266
215
229
186
688
644
347
277
702
183
510
505
66
360
689
222
105
218
226
580
3
55
639
678
147
340
719
514
602
66
708
581
554
715
494
582
113
398
597
77
563
433
57
57
366
523
280
438
430
541
142
56
67
178
492
21
307
119
328
599
250
382
466
438
584
429
500
31
331
315
32
258
437
125
5
163
656
417
471
156
39
69
412
442
209
619
261
205
60
489
605
521
241
708
375
51
303
19
24
81
556
312
179
504
454
445
507
517
410
115
166
52
625
440
461
639
434
655
233
0
114
655
146
308
113
270
715
451
319
617
336
13
245
249
247
432
369
60
257
591
426
392
480
538
504
279
453
415
103
49
107
16
197
214
292
634
399
417
24
383
704
159
45
10
128
174
120
136
506
429
37
13
404
321
499
689
516
34
272
189
290
698
695
433
464
193
93
707
489
310
18
587
715
348
58
449
382
658
167
415
379
629
131
559
705
463
113
717
405
467
423
14
534
548
580
412
620
351
279
171
703
324
90
25
133
416
708
189
165
601
461
390
712
514
377
640
109
18
1
381
648
402
147
707
241
192
403
538
375
574
695
684
340
418
435
428
379
706
438
484
275
256
298
253
383
108
638
249
313
228
254
10
399
374
473
183
209
401
62
338
560
24
548
340
321
267
325
677
238
231
528
90
403
445
661
67
636
657
285
424
469
45
344
502
260
407
106
208
284
71
348
216
600
634
158
66
97
458
503
439
192
567
340
500
439
206
117
366
634
178
215
625
608
598
157
475
440
631
688
556
519
719
298
23
48
41
319
177
6
127
544
480
87
562
130
155
175
446
179
708
694
720
103
670
510
618
534
605
287
393
437
602
154
421
159
224
706
194
120
225
153
628
576
210
7
460
194
123
464
554
169
191
575
462
45
46
344
305
652
89
119
316
702
558
609
567
80
569
706
396
388
159
424
550
341
123
346
367
354
260
214
323
357
602
587
13
110
367
23
141
84
706
106
320
356
230
202
323
39
604
355
216
423
433
80
502
513
407
444
506
52
252
718
583
638
90
4
155
13
264
544
94
409
442
79
178
200
483
634
708
517
88
92
416
309
671
630
307
478
269
197
552
625
570
467
504
76
343
644
441
382
527
41
648
361
109
447
606
114
95
631
478
699
716
235
76
23
508
375
590
58
485
69
388
83
174
412
329
303
220
351
433
504
344
417
674
390
163
275
269
632
231
303
255
212
535
690
418
651
424
232
236
36
33
716
262
459
387
297
475
643
346
720
0
574
293
527
634
421
422
606
138
71
64
283
328
152
202
198
97
567
427
535
307
253
291
453
11
494
62
426
651
453
168
200
298
224
233
706
479
624
581
398
297
507
142
410
447
470
40
465
476
622
217
291
87
143
493
146
497
533
412
23
149
515
175
629
412
638
451
209
306
453
350
403
600
204
39
350
350
400
675
337
342
491
185
485
522
77
621
470
617
284
199
481
96
645
341
297
140
507
267
328
197
563
6
255
415
72
563
426
368
299
386
134
609
293
587
583
105
545
339
318
83
151
10
505
544
9
99
33
174
663
412
438
4
283
720
375
366
639
495
1
506
101
439
102
716
305
254
76
260
371
435
483
377
43
139
467
303
253
117
491
275
619
284
502
154
132
415
94
269
314
243
285
378
70
536
434
2
527
634
331
169
646
682
507
13
164
169
270
153
89
451
473
443
19
670
253
217
534
229
463
403
662
366
507
387
15
508
251
459
415
109
618
503
402
228
672
588
488
691
681
488
595
250
210
234
159
191
290
468
292
451
597
550
652
8
275
644
366
708
152
74
469
421
618
253
386
176
144
480
611
257
159
574
148
474
568
650
669
33
202
442
31
502
403
98
346
312
497
558
662
414
617
443
480
158
257
266
266
510
480
578
179
58
145
525
209
648
534
257
492
64
361
705
589
53
98
698
207
283
153
360
421
719
442
20
100
506
668
356
528
671
510
438
286
33
645
634
442
23
368
288
389
351
400
174
181
160
249
102
671
594
542
551
559
135
446
100
666
533
327
652
113
1
284
133
102
455
249
148
641
63
44
351
179
647
576
151
335
184
150
632
160
364
182
73
684
411
484
587
288
455
675
236
471
74
681
31
463
334
88
28
662
329
316
659
629
574
71
482
210
656
374
309
286
423
52
389
329
85
629
591
329
580
540
538
227
356
39
609
408
479
531
474
621
345
292
280
291
453
191
679
477
585
376
440
430
121
440
508
355
6
476
51
369
631
620
678
234
550
670
161
273
149
707
83
204
542
597
194
116
310
233
61
382
625
159
438
516
51
553
464
706
174
315
3
96
702
315
239
279
629
598
231
33
714
91
421
274
449
454
439
610
656
487
271
357
391
448
331
592
572
303
697
603
580
705
188
716
344
227
223
320
382
709
485
387
191
244
316
716
450
443
152
702
440
98
318
216
36
670
349
154
480
673
182
406
394
412
453
609
143
157
397
496
162
384
191
87
142
593
92
416
181
714
372
20
192
582
171
219
227
121
310
685
439
244
657
479
688
715
619
650
369
639
382
293
513
198
716
153
698
405
405
673
113
630
45
654
411
442
705
387
134
475
449
166
445
30
41
643
198
192
63
501
106
101
640
599
478
218
266
447
522
351
446
1
679
186
247
581
617
607
184
265
401
383
162
710
174
372
228
172
147
617
581
324
507
97
618
631
288
511
588
153
421
481
544
146
638
205
312
59
263
667
576
197
415
136
345
438
589
277
39
533
154
382
556
100
13
2
614
87
369
253
100
456
71
692
59
26
516
63
89
529
157
276
574
80
616
624
6
373
317
108
672
416
339
651
648
38
646
608
300
668
113
413
625
349
513
486
147
317
335
588
501
373
397
595
151
650
5
94
474
68
330
330
5
49
8
285
381
389
256
153
313
658
338
434
182
622
424
580
614
341
409
535
339
190
703
629
68
433
107
149
489
426
148
339
533
708
21
701
598
239
597
245
598
210
96
223
536
160
532
616
227
659
674
326
448
193
151
52
6
265
704
305
173
157
425
693
141
599
537
517
455
124
638
519
187
225
552
205
665
159
546
16
94
340
549
4
611
622
600
532
131
650
232
665
624
110
15
297
627
206
182
203
684
387
178
652
254
248
175
701
100
688
617
386
170
14
714
215
190
536
490
652
435
164
353
613
567
607
227
515
124
237
602
447
457
106
531
692
564
637
68
481
286
419
29
625
11
459
616
252
656
553
33
233
261
11
35
509
411
283
307
421
643
359
690
297
660
300
113
569
188
377
555
499
25
7
703
497
70
98
36
334
172
129
394
417
424
14
489
491
709
249
46
514
548
454
375
458
441
275
15
691
468
495
704
141
361
297
451
109
86
230
258
268
417
633
409
520
665
129
425
511
585
322
640
62
596
18
504
22
164
189
559
212
432
477
51
97
409
270
310
418
653
682
562
161
439
612
47
541
196
564
609
185
268
192
124
670
393
711
216
382
228
35
645
498
33
90
568
83
363
644
552
317
339
422
153
19
151
439
377
200
710
55
532
566
266
431
519
314
595
382
92
630
486
423
224
283
226
276
161
366
367
552
703
202
283
638
254
522
467
545
351
489
321
169
285
519
517
233
396
173
153
37
280
142
283
258
53
23
398
100
714
284
89
39
72
410
346
185
556
705
157
662
685
557
677
256
123
376
381
442
21
148
366
597
43
547
66
574
327
580
408
717
466
151
424
471
505
224
77
2
618
602
534
585
382
225
110
618
15
110
171
350
595
457
141
534
257
33
513
425
545
278
627
398
680
82
7
685
288
589
360
122
599
286
271
196
557
430
380
144
169
62
588
527
507
621
548
305
136
419
710
564
229
527
600
288
480
446
650
524
424
548
283
577
27
597
591
534
625
297
432
679
187
369
222
686
488
667
188
78
713
253
700
499
124
332
455
632
593
164
559
255
195
243
716
26
360
270
385
98
172
323
466
5
409
414
275
99
601
249
514
235
605
496
399
698
621
278
158
683
278
454
507
18
339
508
96
248
194
301
400
148
469
644
118
228
530
414
66
628
199
310
616
0
25
571
384
118
441
384
338
417
520
14
458
550
149
34
340
302
297
382
307
576
712
493
131
325
280
419
104
557
112
593
37
329
657
201
670
569
652
118
67
99
116
62
482
623
289
141
289
60
27
421
211
647
579
508
407
505
431
324
386
196
672
275
718
558
472
75
629
3
535
10
350
713
632
658
182
27
279
177
211
453
34
152
166
614
485
113
165
309
328
700
511
570
650
564
537
348
39
606
225
382
324
285
644
254
273
621
548
25
384
490
410
213
345
326
391
685
141
157
154
634
698
716
61
376
702
91
397
337
426
420
331
343
398
109
288
564
161
163
319
85
253
388
631
498
298
350
271
552
710
23
636
712
581
302
660
182
143
362
341
179
33
284
237
308
246
627
380
558
4
169
356
83
465
15
272
371
552
222
1
227
84
493
156
117
331
665
411
20
238
463
463
533
136
535
500
456
196
206
452
229
237
600
631
398
628
216
78
646
571
138
649
356
198
275
562
174
560
631
466
400
681
312
449
141
345
241
215
592
436
503
397
541
58
337
425
89
18
198
237
162
247
203
660
366
688
386
247
604
0
490
424
600
96
604
78
601
412
679
269
454
221
39
112
143
261
147
411
396
596
451
507
98
684
470
648
150
130
25
424
608
8
531
322
10
476
78
683
484
406
488
48
434
170
524
109
656
442
68
596
556
447
617
100
698
103
247
530
30
290
133
9
279
416
378
571
204
570
493
432
461
312
649
629
252
103
413
621
21
172
341
5
173
135
87
413
183
498
238
672
471
20
400
60
152
679
131
48
681
7
262
499
491
709
307
238
380
556
73
597
545
326
72
704
463
169
143
186
702
553
221
239
554
140
294
505
612
371
43
235
550
322
154
33
116
375
657
170
11
306
638
161
98
412
598
189
34
107
300
371
246
359
309
90
106
39
711
658
123
47
583
180
584
519
75
599
319
658
524
600
502
532
254
469
156
206
0
212
370
309
411
592
463
333
550
626
95
487
36
542
435
609
48
479
243
378
24
493
471
605
639
198
646
185
67
34
577
433
620
675
197
461
115
425
198
72
25
559
703
216
218
292
236
67
114
189
85
558
482
329
713
612
615
710
620
555
569
583
122
324
566
190
62
416
578
402
64
606
31
543
713
453
192
477
260
27
257
257
402
274
149
694
642
191
68
499
566
403
85
482
678
633
157
321
28
621
239
170
210
253
342
592
399
495
300
480
238
516
137
243
600
553
581
543
639
194
486
70
633
85
420
442
408
111
134
504
299
244
674
386
314
640
644
668
215
28
290
130
179
475
630
717
644
196
331
187
422
527
338
231
572
691
30
526
421
369
187
702
551
48
406
166
271
52
240
524
285
57
352
520
715
192
370
435
86
369
28
204
69
174
537
258
153
24
272
118
101
131
494
175
48
621
627
451
89
667
257
673
33
47
447
341
684
271
401
276
38
258
227
269
173
633
527
224
2
661
270
80
149
116
697
516
656
28
269
392
719
694
338
28
205
19
508
222
100
154
297
274
714
79
25
478
689
36
351
128
709
110
666
189
187
99
493
159
160
204
487
549
606
96
617
219
698
458
303
2
194
66
706
560
356
581
472
179
382
653
314
415
311
65
160
262
1
330
102
169
695
401
85
212
622
650
89
115
90
289
80
109
299
465
623
612
672
48
412
205
488
87
522
677
409
510
568
108
668
542
518
112
342
138
293
307
494
47
519
165
599
613
184
90
619
78
297
218
629
395
577
637
225
533
434
416
47
409
249
388
373
68
681
467
519
622
677
127
235
131
523
629
281
547
603
91
177
47
40
572
151
480
522
668
127
135
533
37
692
295
698
415
712
467
534
467
274
467
172
387
341
491
374
403
494
588
171
319
479
583
457
406
549
588
127
703
223
118
240
637
382
360
361
650
501
276
484
544
581
587
15
458
502
453
86
380
401
656
428
270
271
58
377
13
57
495
559
120
89
93
305
703
302
94
549
665
113
597
181
334
393
418
498
352
187
465
586
408
20
33
550
190
620
148
602
303
693
218
323
92
121
575
370
272
436
532
179
39
154
520
144
194
547
23
55
376
141
650
559
258
463
475
84
617
672
496
134
138
408
335
696
339
342
227
615
157
140
248
506
566
444
292
243
531
359
367
406
130
574
481
463
688
24
180
148
361
159
261
371
40
543
98
603
447
115
346
531
254
262
301
293
656
128
680
155
32
231
540
588
585
513
31
236
593
313
215
240
394
221
297
107
357
164
644
31
299
593
209
313
661
526
55
372
601
668
124
545
429
661
54
122
139
351
18
666
102
696
675
392
73
172
544
198
622
714
458
566
306
147
559
617
528
9
257
605
563
188
466
336
94
340
584
267
623
383
654
297
48
494
37
499
313
208
339
504
8
223
44
36
352
707
223
563
525
222
15
264
358
371
715
118
214
479
358
182
193
130
237
98
213
298
187
548
320
263
543
26
497
654
185
508
531
48
43
142
425
155
77
238
232
607
101
554
668
570
231
231
719
16
90
689
10
307
382
117
536
159
311
378
261
643
611
151
565
520
572
428
507
659
639
2
589
660
563
147
390
432
127
229
422
701
613
611
691
654
712
657
129
308
179
297
440
358
524
608
36
330
710
33
346
683
523
447
638
44
568
254
653
375
173
603
480
637
672
379
417
101
296
368
248
236
121
464
600
417
334
661
301
550
643
112
349
669
473
211
504
92
479
447
124
162
34
189
681
363
676
565
382
189
9
705
571
189
632
295
362
203
399
25
441
175
545
466
356
18
568
33
431
544
137
314
518
390
35
379
191
717
358
56
182
559
452
470
391
95
9
380
655
572
365
41
585
103
193
280
180
17
681
135
592
173
198
499
62
654
354
70
441
82
515
457
194
226
672
173
409
688
407
512
406
136
517
657
698
27
34
482
646
191
708
209
12
617
350
404
498
278
424
66
578
575
119
269
49
453
138
648
42
102
412
5
355
263
49
381
323
223
690
606
452
632
608
14
489
498
168
343
600
201
37
509
329
589
238
581
274
672
491
126
576
274
26
156
90
237
82
81
19
29
105
384
436
584
459
696
287
35
594
145
51
403
232
533
584
682
306
195
626
82
46
237
251
611
684
630
302
289
681
137
170
277
370
197
625
299
272
534
26
373
272
143
177
422
107
172
137
284
405
35
571
77
340
181
561
715
395
620
180
107
493
62
229
289
243
538
85
703
310
33
343
159
4
364
58
516
367
49
523
367
164
94
343
600
670
627
410
623
682
646
418
497
364
380
595
187
592
521
190
34
615
574
708
190
638
87
23
235
199
602
590
249
612
426
215
53
460
549
458
271
207
682
212
356
285
646
269
539
374
613
621
705
224
266
326
264
408
656
638
657
618
224
596
80
341
369
323
326
331
713
342
20
507
65
618
639
660
177
613
99
377
600
90
231
508
204
100
364
356
597
583
567
381
695
255
666
73
393
229
226
222
552
610
456
670
161
563
589
410
462
284
272
34
469
707
164
687
371
267
660
364
713
408
457
428
196
510
167
231
13
269
351
338
147
412
46
293
211
428
542
630
658
536
281
218
527
325
452
2
284
568
157
428
436
313
319
133
366
310
39
39
212
412
507
385
18
382
169
537
44
551
334
115
317
351
145
323
511
624
305
281
313
534
697
6
477
206
685
150
535
33
402
623
530
402
584
114
192
83
547
293
125
333
340
63
48
530
314
679
657
348
574
366
449
118
380
55
607
419
8
20
590
671
708
40
558
286
267
284
85
245
24
530
91
698
292
66
510
145
51
636
417
353
37
628
5
252
419
358
172
606
675
486
68
616
337
52
503
685
179
199
234
101
690
65
317
358
197
479
312
550
620
276
364
140
496
515
55
251
83
433
488
600
362
320
307
290
226
125
41
127
479
398
530
497
580
700
75
333
200
488
35
235
204
480
280
699
612
270
571
261
703
612
512
676
484
588
100
673
555
381
334
518
446
555
35
115
665
507
652
121
277
399
268
324
397
439
459
234
178
129
326
139
496
631
29
527
13
350
616
76
683
336
52
694
167
168
701
480
548
597
57
417
299
664
104
430
644
21
661
715
154
9
37
34
168
663
666
518
705
389
605
143
431
317
587
269
586
44
292
490
367
548
665
330
518
490
597
172
252
12
503
288
57
697
226
290
385
142
662
16
244
101
715
626
228
176
392
483
149
481
523
690
391
658
691
26
338
174
442
624
383
574
593
252
194
237
344
651
296
515
58
579
544
540
273
646
422
145
80
328
507
262
302
376
258
575
680
718
438
7
716
691
716
159
109
674
142
299
514
523
197
202
266
0
116
96
0
116
626
85
710
0
31
58
232
224
595
496
188
530
592
39
353
289
31
259
65
226
661
301
403
279
356
676
284
523
262
299
525
502
568
24
368
58
267
359
250
119
716
641
590
467
45
153
267
109
474
551
100
388
707
491
264
431
122
6
494
653
299
641
421
66
479
13
703
262
682
183
46
628
422
450
446
576
397
74
206
150
508
99
351
118
425
417
31
367
142
229
665
555
345
85
538
381
577
435
606
52
310
175
680
104
449
692
14
705
165
376
435
178
593
225
302
274
355
509
192
496
100
597
366
258
592
240
1
456
172
330
192
274
428
335
55
76
480
375
283
125
187
535
202
1
660
462
201
378
455
674
480
326
75
3
405
717
467
98
181
6
412
661
170
272
180
167
666
482
385
483
580
621
583
352
294
494
314
151
542
163
28
462
653
435
386
579
424
183
132
168
606
686
356
550
545
336
222
450
120
568
371
219
522
118
385
7
55
458
116
110
100
488
48
34
445
628
410
519
424
541
674
263
302
654
694
92
673
700
155
493
618
49
101
30
213
391
510
713
5
562
613
500
161
340
637
362
569
317
379
595
185
79
455
651
630
632
221
242
240
571
175
2
424
438
362
266
531
541
358
159
657
623
307
130
494
549
22
330
703
402
172
538
185
89
396
615
166
91
468
568
356
591
261
320
375
582
264
647
425
95
363
521
226
463
445
406
153
149
83
663
560
602
663
664
337
500
501
686
197
166
108
301
189
533
351
645
519
127
346
544
309
503
528
102
32
518
23
204
561
77
377
119
653
362
65
97
260
309
668
505
447
62
438
713
271
195
334
680
521
469
322
157
183
225
140
233
573
127
704
457
585
655
629
17
133
335
700
613
78
469
222
16
656
118
621
49
67
286
121
3
352
665
346
349
65
305
179
80
542
203
389
403
682
404
13
39
192
585
228
569
122
128
449
251
89
594
49
299
612
436
386
667
115
66
480
670
528
594
511
536
75
82
679
492
530
591
676
2
204
149
466
361
504
383
1
340
366
244
117
455
223
107
616
496
718
546
220
96
676
551
3
386
344
216
36
82
115
464
202
454
376
608
80
601
323
223
712
527
528
341
496
122
485
361
530
150
74
443
336
201
633
254
571
478
17
4
231
183
473
364
709
512
109
39
180
624
505
166
78
702
98
610
208
547
430
312
222
272
0
214
444
337
411
613
335
252
655
529
15
170
63
396
549
484
88
213
187
494
390
61
247
74
146
16
293
59
550
150
39
587
173
449
394
307
290
269
190
344
109
693
689
157
484
339
249
597
511
367
622
191
232
577
413
519
191
571
407
279
84
559
422
109
154
364
669
133
275
563
586
186
555
585
412
78
220
663
523
569
82
232
56
95
149
708
31
211
26
644
501
108
167
541
219
206
94
613
603
283
194
525
675
623
119
162
492
309
123
134
195
357
264
206
238
247
669
686
287
650
39
524
305
141
571
446
271
518
707
209
654
98
157
701
135
462
170
491
450
290
74
711
35
699
607
512
15
104
92
88
577
455
586
224
285
259
225
702
346
517
392
144
176
42
590
53
322
609
397
648
271
367
376
288
648
469
339
18
193
185
647
329
101
550
107
623
577
126
510
237
97
24
570
15
71
341
7
60
622
458
475
491
448
361
626
106
337
422
118
122
447
178
333
675
589
335
90
350
576
683
84
463
563
642
472
283
514
26
52
531
61
163
446
197
378
633
320
346
220
274
69
274
142
62
294
446
647
346
86
486
238
317
569
28
434
24
440
335
610
257
311
293
114
247
350
316
372
260
326
451
117
178
71
333
328
672
524
586
21
396
689
263
183
525
277
306
40
538
592
145
360
618
592
552
480
402
441
169
567
605
379
376
509
709
641
278
606
501
556
275
711
134
692
19
514
56
476
203
576
428
115
634
616
335
49
164
478
507
585
4
499
276
55
423
44
345
632
649
597
487
719
194
356
60
298
336
545
488
708
96
9
653
117
90
635
312
158
449
285
45
537
241
211
165
329
554
322
222
250
138
397
13
276
7
278
719
145
156
504
153
73
13
531
241
230
359
42
266
563
363
34
493
339
463
349
207
203
646
332
118
704
235
655
704
463
709
340
82
680
163
51
146
384
341
497
296
564
389
260
325
400
224
369
178
278
166
605
496
688
223
178
656
66
40
129
369
51
276
53
380
679
678
255
34
605
144
414
569
608
66
617
488
450
29
179
251
346
184
704
694
431
678
426
563
289
62
446
128
240
713
565
211
719
105
430
676
679
198
82
546
411
83
397
531
181
274
157
653
711
89
87
321
330
716
158
313
382
131
159
680
315
519
98
214
467
81
183
462
105
644
86
495
41
242
335
279
79
425
389
425
187
188
231
47
636
460
63
525
564
37
528
236
635
659
358
228
649
470
449
134
76
541
629
345
171
437
668
612
107
122
411
555
210
687
639
146
74
651
409
507
308
17
403
513
601
233
254
421
664
298
665
214
134
407
476
373
525
574
98
399
591
665
561
594
450
20
656
140
259
699
447
462
181
123
482
540
491
361
529
132
511
259
260
429
665
485
494
155
584
271
297
695
597
486
558
185
457
3
594
143
519
333
336
28
46
219
338
270
256
252
578
616
115
477
229
391
529
12
274
88
631
75
66
498
439
217
313
358
701
121
358
221
533
171
653
593
720
113
450
485
144
374
191
545
360
624
451
521
703
172
593
232
177
553
528
346
529
57
593
131
86
141
577
379
197
363
222
663
306
473
426
118
63
308
442
447
632
344
208
165
331
490
683
274
666
91
702
583
380
514
258
261
121
431
200
63
512
137
505
665
1
275
225
424
232
294
156
675
464
639
320
700
52
184
270
467
597
354
489
1
260
226
653
691
685
607
561
667
330
454
264
564
521
135
358
94
170
129
421
237
295
25
227
71
516
131
234
15
503
534
514
497
355
455
358
54
241
589
276
535
441
472
7
395
505
153
240
159
622
245
18
432
252
501
704
635
301
469
170
657
497
153
626
325
417
388
52
599
709
89
525
140
606
333
166
30
23
500
495
108
551
675
706
316
659
664
636
475
668
94
523
489
720
41
182
644
605
122
662
101
90
534
319
107
391
280
706
18
423
213
594
713
156
153
159
155
330
619
401
575
367
186
383
338
195
677
135
270
150
11
467
522
239
454
293
467
547
520
479
109
552
109
599
273
63
296
267
2
466
200
423
210
331
329
297
432
156
13
280
690
83
357
424
9
299
631
37
267
94
550
714
696
649
271
658
130
488
268
528
246
486
689
533
165
115
452
650
8
719
550
57
664
211
333
551
581
682
131
591
510
687
574
552
13
680
632
590
442
269
314
196
6
403
656
647
475
102
544
201
309
404
234
325
493
21
683
323
345
14
132
161
461
381
137
218
258
499
552
541
125
418
535
402
462
386
437
320
129
562
88
555
571
20
701
249
531
158
49
272
71
362
53
594
626
682
148
200
442
181
568
139
274
94
499
648
96
543
559
497
315
115
248
2
680
514
82
71
262
75
423
647
694
666
691
570
231
426
266
612
462
303
193
101
119
366
76
42
676
72
540
625
707
47
216
541
221
484
489
11
321
41
320
718
542
52
107
292
636
681
174
487
35
218
185
38
456
712
372
82
20
78
644
388
624
381
112
584
40
470
172
266
709
368
557
493
693
602
415
515
108
706
417
383
342
620
393
31
433
422
47
539
477
687
193
601
424
47
671
678
495
343
23
51
363
315
306
609
395
317
540
715
550
550
493
270
519
408
287
400
531
3
334
326
671
84
484
113
403
310
675
522
95
185
465
93
98
106
324
386
348
369
491
288
143
663
114
231
677
243
685
463
587
17
337
142
668
174
300
679
423
346
354
639
588
158
674
203
522
535
520
211
443
413
524
387
417
678
483
8
272
327
680
298
712
102
140
380
648
477
506
355
337
587
66
216
0
369
330
98
552
275
159
85
159
592
422
522
642
66
307
171
480
60
199
45
85
676
712
534
659
451
486
685
624
526
307
65
123
189
521
237
486
405
489
480
688
468
339
428
668
97
634
476
651
714
324
414
130
271
248
221
416
262
255
467
116
431
161
642
576
697
235
180
573
349
194
160
295
526
537
317
286
447
20
263
631
17
625
652
349
645
603
187
219
282
56
386
184
716
141
677
592
567
274
429
315
116
688
700
69
138
406
187
604
296
437
269
290
539
103
135
616
515
281
586
279
686
154
161
91
241
613
150
458
106
674
610
131
232
132
347
189
368
590
18
609
155
557
471
426
547
547
283
668
12
677
641
716
640
93
343
91
121
44
360
378
320
700
353
218
311
570
268
394
81
10
25
108
555
673
240
630
304
27
673
433
203
701
434
12
109
552
267
459
673
580
697
536
274
42
423
701
274
253
592
625
116
497
680
653
78
372
555
254
135
227
658
98
526
209
519
326
437
329
337
297
0
382
550
437
512
112
691
431
473
634
409
615
698
109
684
155
36
171
348
252
699
134
536
264
33
339
228
150
183
105
355
299
690
335
475
617
292
704
494
674
632
594
43
692
421
624
216
22
344
92
616
147
124
132
58
388
348
272
649
81
250
39
578
618
242
714
167
337
435
611
616
386
257
70
200
407
447
4
453
718
310
487
81
92
299
576
411
282
669
306
225
61
379
392
611
17
130
716
507
12
681
226
354
666
84
246
242
81
96
674
124
89
584
668
95
682
24
222
715
410
262
592
190
162
645
368
253
267
387
37
343
384
218
458
87
222
49
100
483
623
422
604
190
707
44
687
53
412
607
63
161
409
272
476
383
358
135
346
696
186
184
491
650
145
157
145
491
227
601
23
596
9
474
506
80
534
332
151
472
387
379
454
244
15
21
179
213
138
304
439
145
354
181
332
156
224
133
690
449
412
451
641
315
139
507
408
257
526
462
12
55
374
431
182
555
679
67
657
595
265
695
418
707
465
279
627
62
185
47
2
311
255
177
219
346
296
447
567
542
271
409
463
284
551
179
476
42
472
201
597
85
299
603
180
326
530
512
509
37
135
69
35
45
701
633
347
586
49
99
218
290
233
98
469
153
216
662
369
384
613
478
366
233
627
214
519
690
45
194
125
463
510
178
208
123
113
49
216
278
90
599
88
695
61
65
181
605
140
655
107
77
500
615
354
437
434
505
714
627
631
404
301
583
576
189
51
410
58
633
701
685
181
172
213
493
104
160
655
180
412
704
120
465
42
453
324
533
152
616
626
8
125
268
361
609
513
121
392
27
339
69
581
142
621
380
289
1
6
185
202
536
706
189
343
538
702
85
36
281
463
351
72
610
647
250
317
363
551
320
688
89
90
25
291
480
48
312
450
647
164
706
28
154
548
469
473
400
233
224
427
550
438
357
113
393
375
338
78
720
574
360
712
283
254
362
634
313
60
291
3
67
194
43
3
203
603
308
103
636
610
618
691
667
285
681
14
262
249
679
268
260
320
640
244
480
81
458
599
106
39
217
413
404
229
583
189
273
150
374
615
282
214
629
412
101
43
352
426
212
53
360
445
395
405
510
451
320
184
498
318
523
109
131
611
98
218
545
415
177
611
381
289
560
202
414
78
128
566
490
92
700
616
625
252
253
616
397
633
359
175
524
539
275
7
356
164
201
478
315
356
456
360
243
483
131
682
519
235
668
344
117
685
622
241
184
718
239
91
232
674
420
117
21
717
578
386
258
417
114
415
137
124
367
665
351
432
147
283
190
457
429
353
213
396
489
368
404
110
246
376
581
301
563
619
418
65
321
550
306
630
34
396
486
200
497
55
625
629
315
284
695
51
78
490
635
147
494
123
218
6
115
554
578
333
708
146
677
153
1
2
456
103
678
194
624
663
627
520
212
623
420
675
136
63
224
136
69
20
346
210
578
286
40
716
239
428
33
26
463
79
675
251
249
165
421
217
440
571
431
170
667
345
351
222
694
297
718
258
146
582
266
592
422
226
341
192
652
140
129
23
375
509
529
226
382
37
524
90
661
120
440
102
204
296
45
301
464
48
342
173
536
484
620
465
149
131
22
17
666
143
167
488
47
315
123
644
716
45
213
158
63
647
204
402
635
166
37
11
90
23
358
581
32
676
163
285
620
479
358
310
357
451
217
208
569
334
450
589
654
455
592
524
172
239
405
688
519
76
667
126
424
368
9
644
591
265
117
397
270
366
461
285
26
399
645
699
484
295
653
143
355
176
289
104
353
691
477
315
385
518
56
15
11
570
631
332
563
347
375
311
304
658
599
603
154
556
206
491
99
574
643
298
502
43
116
103
595
285
213
119
689
474
255
472
210
472
231
14
35
659
525
422
104
514
682
186
393
26
210
443
223
659
256
538
251
460
381
422
320
396
5
40
157
39
206
146
685
139
504
59
463
198
689
491
198
155
626
633
555
191
432
140
571
335
329
420
640
503
412
572
59
71
659
169
10
556
238
422
15
257
441
487
380
658
261
600
552
638
95
442
161
588
159
159
225
153
375
322
685
21
589
296
585
520
310
206
194
144
693
369
157
117
445
620
431
33
713
143
107
561
714
346
253
685
607
103
654
329
96
584
406
101
149
108
111
222
24
342
303
435
389
227
147
222
191
547
277
503
511
658
422
156
117
377
97
261
347
483
716
242
88
510
38
421
597
429
36
533
629
283
150
275
344
104
309
299
145
284
536
552
65
365
394
111
205
686
713
640
613
706
51
214
380
535
698
115
550
339
493
427
232
36
134
322
341
174
217
234
364
290
70
638
9
160
200
345
189
371
512
523
517
609
625
107
131
372
648
102
189
529
38
118
97
197
422
265
120
348
412
383
341
40
155
382
630
76
518
499
505
480
260
508
602
174
125
240
599
226
390
119
622
554
443
421
324
161
647
280
505
255
187
58
696
393
653
598
177
46
148
322
136
353
127
133
620
527
63
540
320
565
353
203
101
680
142
348
319
541
5
713
336
659
142
124
707
609
311
215
200
15
173
496
240
247
580
431
712
529
547
180
405
676
18
668
160
258
608
695
39
345
410
407
270
330
342
491
92
37
259
532
397
174
5
98
299
201
416
343
394
93
392
406
4
66
431
651
98
488
362
559
184
307
137
113
3
482
351
672
592
278
703
69
170
542
169
704
142
146
78
498
37
682
558
130
602
694
359
560
644
390
96
182
243
493
539
536
609
401
317
698
301
158
174
716
50
586
267
525
444
247
443
358
241
151
603
323
686
362
107
715
316
398
13
252
324
123
94
317
267
298
54
522
72
154
323
463
331
79
281
351
390
1
446
615
34
652
232
87
155
516
451
267
24
140
421
507
641
503
138
370
674
395
28
318
273
195
385
576
77
658
264
162
60
705
705
627
515
281
653
524
351
376
384
118
265
231
58
338
48
631
219
575
17
109
376
535
500
0
459
106
430
608
69
404
310
398
474
577
553
202
337
445
377
262
584
660
186
430
598
153
158
659
386
519
15
337
550
178
645
487
340
93
70
155
457
416
100
33
415
390
313
168
56
566
542
264
625
468
228
268
149
571
655
535
364
68
635
447
233
17
542
161
259
333
616
85
17
79
702
76
182
347
200
683
91
261
0
464
491
533
387
86
665
220
647
432
409
415
295
626
134
649
32
533
138
176
144
158
1
435
259
273
413
578
415
557
268
692
668
669
90
619
493
628
90
185
655
456
340
38
592
46
407
641
81
17
137
413
210
686
66
430
30
183
716
121
441
636
243
30
167
481
490
331
477
343
10
534
103
370
93
531
665
471
286
241
530
126
667
206
185
708
484
645
14
588
11
544
345
454
178
181
519
540
690
708
206
633
173
96
679
564
80
239
72
477
40
107
11
363
555
439
259
230
309
672
480
270
533
487
35
170
14
672
443
90
218
646
719
327
537
430
257
544
490
363
285
295
441
694
250
278
383
481
635
99
256
485
36
290
379
123
242
570
393
502
412
201
717
334
601
157
178
84
139
512
135
410
131
618
171
511
156
410
496
60
236
272
248
388
376
700
180
162
341
644
356
565
86
517
434
337
274
526
42
475
226
720
183
11
436
297
247
217
137
1
432
340
551
266
100
399
696
123
716
3
600
383
512
48
292
234
456
240
240
201
66
360
11
270
580
282
0
179
196
402
220
363
333
216
264
169
37
369
656
612
125
8
269
115
506
70
132
402
313
80
485
109
246
649
136
627
390
118
462
637
293
84
261
412
478
34
263
63
329
563
540
665
216
57
389
7
718
191
205
689
2
78
537
546
109
99
190
353
480
235
303
24
362
653
286
290
45
33
85
559
55
180
656
700
702
650
354
79
440
228
118
47
587
35
284
129
438
134
89
654
540
545
186
408
620
277
40
283
693
680
400
710
183
124
621
340
368
225
209
426
392
499
143
468
501
518
504
262
17
496
169
438
216
458
545
499
657
363
235
581
706
47
180
679
625
705
210
562
300
645
170
590
499
303
360
121
59
243
553
97
39
235
620
277
507
596
570
181
233
559
556
498
571
319
404
402
16
356
242
30
15
662
535
453
328
358
359
425
662
326
319
58
98
348
625
30
104
679
538
635
610
367
327
279
227
420
314
708
398
159
53
463
552
204
444
477
332
638
623
331
448
466
595
582
188
504
590
406
353
698
354
151
652
252
661
12
143
187
76
244
341
108
332
16
230
412
345
181
568
245
237
269
665
325
378
706
278
606
617
28
310
710
288
578
436
423
172
707
576
105
641
3
515
145
195
489
680
254
226
629
687
296
287
713
69
27
178
603
591
147
249
18
696
199
565
633
197
117
48
343
366
427
520
535
389
669
370
99
347
327
522
397
553
94
340
439
675
202
192
553
118
279
105
578
693
350
307
117
147
262
507
519
25
634
129
698
50
142
554
495
366
577
394
598
225
558
319
526
622
646
25
331
559
605
110
690
261
67
76
353
421
625
670
185
477
185
641
233
162
1
365
68
310
45
73
225
284
530
61
577
226
113
286
286
627
185
517
450
42
506
3
172
575
453
390
549
282
220
338
527
635
189
259
66
584
435
607
86
15
672
19
469
6
446
383
601
120
185
447
591
65
662
463
584
597
388
144
676
109
344
452
231
416
15
326
597
562
31
355
379
406
586
716
154
575
203
276
585
256
615
469
43
568
353
380
684
202
607
710
457
658
67
493
261
671
521
441
484
372
594
98
711
442
350
189
163
105
678
172
698
134
271
477
59
158
258
185
3
440
455
217
296
309
397
632
487
203
230
52
558
83
35
207
226
275
211
68
297
410
402
701
566
478
218
242
10
190
304
530
252
107
65
26
450
92
605
240
593
200
38
94
483
190
119
60
247
177
493
406
706
281
147
53
123
84
656
607
454
24
607
158
327
150
711
179
125
237
550
371
418
189
107
24
350
682
568
283
383
88
458
522
26
571
149
268
375
150
246
1
375
288
500
159
514
188
590
106
298
3
349
664
171
661
471
8
500
665
389
199
303
228
665
664
32
118
396
87
